427634
82792
1202181
1088641
942290
280224
332905
710574
1212126
1942375
1223342
70138
93750
1469913
778798
36540
686360
941429
918981
1286633
82588
1181157
649634
2525036
153423
664720
1803943
2293858
14850
1642327
96615
1203918
6100
58473
1268855
7541
42928
543601
1252823
1726468
788359
2350520
2870361
62982
1835714
2233765
1651340
183561
2401118
164790
2287698
694714
2508683
2226625
2692563
477382
3582359
999970
2888745
286006
15116583
93483
96161
1550134
352075
170054
76862
2797581
2882148
113450
3081424
911575
352595
2664715
147201
1787575
346046
86545
111900
138538
3660234
285947
105093
3273948
3852324
6237720
103678
5109546
7145191
79404
444429
270462
89493
5216871
4835022
158692
7029120
8842865
172732
3710646
5789159
137596
7333627
5777292
908186
5152765
3623567
85033
88620
5091923
7623382
9501396
5776951
4824988
8039144
1807564
7073790
102322
191073
6180082
10764546
196555
115717
119138
6529035
