783032
804262
42660
1463030
42046
848439
1478446
1793504
2185832
1087108
40667
431295
18366489
2097372
3807175
1116176
3499047
2635005
31770
1135818
1075870
88611
22487
1394650
193098
1341603
2529785
66838
63814
12178913
8087
60478
94163
10591
716211
3224542
136650
932563
101873
84047
78266
114583
77247
5090497
231883
5792968
49575
86802
61148
4982497
50293
5945508
97725
4329615
3910532
4718869
4197020
92027
61068
7185933
40770
629693
25401
39254
5282980
7229958
346129
2849437
55746
46253
2077811
4562396
4555783
4115090
1209899
4843437
76906
4626091
4777238
7577718
73971
5470916
5845617
92485
75862
3223657
25007
38686
8261420
2055630
5458083
6882544
1193617
4356194
4881076
8567733
2598412
98875
4071283
214154
161707
412373
76162
7348240
1798121
5773
994440
8250697
9881642
1738877
10292111
16820
5025176
82414
1871563
7215414
146948
97224
12327638
170256
404124
20096
8323315
8054093
96131
15109803
24375
185432
5183600
10456326
9362901
167190
1021296
10589136
21288
10408819
14254190
12498481
2664574
16080615
4274176
11448197
11316368
1726058
17076925
7350904
486627
5488453
6336066
6194880
10025543
2744536
10001748
10605527
10653192
81902
11628783
98595
15899947
7432764
51019
6232695
10229170
187615
7859075
2328061
16985113
11218306
456446
175952
13684530
12447312
2516210
66137
122534
142574
85890
5885304
19878703
72241
13591209
13804864
10483674
266742
9468146
132558
12061083
15468226
14822
112403
13626387
17661
17316037
15455936
68444
68444
19791962
45966
654299
6158491
82001
79656
42718
596252
182813
951519
21948236
3371818
20821810
43244
12403436
100752
13057026
19173370
21134666
3200855
94880
8109426
827734
599755
127136
7195285
324950
12576319
43854
20070188
32786
563233
13183574
103041
98675
13635702
22539262
4326
317405
154310
16531922
55250
23069520
13039718
41170
189719
16030154
88472
13127848
86290
96577
94087
16873200
89273
1045399
19094675
820121
263005
1392421
140045
113550
393075
20977628
2621192
3022
24223167
126155
43261
19579805
9166720
118750
84315
224287
150838
205932
9028074
153314
131418
48182
7583082
20465716
62138
8639187
17828803
17171535
97826
26839137
65029
7451
94286
79574
52806
14876
97485
11296891
207450
53017
2810159
87746
89810
18569033
18310429
10380298
28152
19740446
9494080
165111
12378506
19082336
405367
17946015
3308285
364354
73482
29217808
25175593
29460175
27132405
8038224
20741818
210068
7648158
23001206
29181217
392186
27173345
19695872
21582068
58978
61540
20912347
27579534
27557531
55392
29454745
10184735
24487566
19961774
20137360
8783609
15810696
4397
130306
1233790
30217
18556
25339792
118784
31781226
22185806
2167413
13626828
86132
21922349
9871388
22859747
77372
33953545
146836
21102245
10624307
27399324
84241
101565
48570
238357
21437656
53101
24406401
29539617
15905430
1368059
32531278
21364858
24708359
220651
21075434
34592481
21982851
999051
79960
55380
21725967
20686475
23981708
10988960
22364275
27736705
786416
20875012
11118610
72523
21854256
43185
1889
21217828
121026
28098545
9792321
22281473
131290
46509
672988
26848114
89582
12084660
91916
15383719
31660932
33024228
34384
52128
30504
33490007
32811344
11446699
26178875
30009493
25817800
11606
168897
172223
35250748
12356165
23713185
36607
14820
39973
1280542
31138830
101983
76034
31770
138853
70047
138686
77104
25434290
28145454
22227
31317359
25433007
38964064
87769
26746178
548187
24396218
24870861
31706114
1302684
37571376
27330088
27553177
24368734
352376
382299
36205
54730
36676484
40313188
28299790
165679
78980
59252
86733
264647
459802
10278857
80663
7110408
33986165
5398789
27234240
43575
27972518
24605886
700026
26697151
44426549
38547151
29796749
99791
3545939
91700
40531334
4637062
67594
74736
161933
16184926
130164
928274
17266924
1387413
27743813
71877
18888008
23484100
61068
74936
21669588
15758
76393
65521
129427
39948408
96575
76284
14203088
7339
255696
44121104
42661053
17858938
35539
17190770
312137
79700
44576987
71103
40709846
43270
12077487
41653591
12771289
19319653
52872978
46482201
41282354
124473
30571504
98401
46372370
41552995
31767051
608034
47911264
56282
48374
45871680
21469192
68424
95625
81989
181495
26920
50099418
34345275
35790546
107427
619595
20387578
269957
19066
41434
412034
50038
143080
14239082
30129314
22253990
5460
14676018
42703
13512099
89081
303502
46844605
19028398
44984173
34891638
30077287
124368
30731
132006
44213131
266230
30802951
301518
30364044
121537
33465566
167965
11334476
47859
52292196
403723
34120740
121541
31926550
49089
31209168
21004187
453935
1733323
520385
95799
46368896
37440805
33155379
153449
156496
642071
16970
170269
21824622
4174
51608220
36877
5022192
113560
16460058
307208
12507055
47325
276143
19920
32042516
237702
21505925
204498
2994
67712
47325
266374
43575
5999486
82967
32047474
172380
38912442
15272166
11249
5542129
15474
54405333
711725
454854
158622
226412
31229500
17433
80465
248945
78563
741701
49138970
167554
227674
529863
48805211
47498
15050319
48756044
36615693
30949672
31568661
37590996
302640
55025080
98981
52158458
49275330
153744
36050819
23909366
32669
53004142
43672
25362
273274
63507
95162
122485
151278
33819871
56607832
41380
36123937
43892404
15940081
15563
39608425
36512812
31605
49308037
35575471
85137
16176397
33711769
5744966
19588986
35253922
19902616
364738
34320171
95547
5142627
37267
300800
111730
101457
231559
16295097
412744
15861
57223951
41114
35564362
25648
50992463
38231599
61248050
32689796
36711217
41728718
203555
67942
38664205
3161912
41760194
36789990
36448578
38777045
41573918
54153488
280316
18778954
10449065
18679517
51174
218251
58652908
56812056
14482257
18163561
76339
37867875
76930
11416280
21395368
7364822
30444471
294768
332530
32316529
47426
18237523
68150
66523332
96740
9464516
22639516
41892886
77304
4516
20891041
67477259
37606999
22745514
800115
225735
16469959
76339
850
93524
58628547
49573757
23904246
37609003
19484
69531609
75207
26978845
53365
5229208
27877701
65391720
50305826
253749
212407
71219546
5049382
78706
78309
3952239
64843963
635792
68034623
54650560
50490042
54341327
50504471
51414360
425768
65514105
69705940
73757365
350306
16202106
132309
40623444
18571957
236852
107290
47882
80084
34713
7509
68405858
1607816
37463053
303440
66176002
539115
1022645
17345107
42618386
40851026
92510
2355
110921
9880
17180704
49413529
5565892
116312
310353
238672
113001
47978650
37646930
346457
131251
54344984
420238
48282664
311313
54439
72972
63637
71738511
100975
91594
65669
49529111
133935
1416358
48619056
55605420
97466
44300147
30289910
63418
131203
296933
118893249
64951027
23479
33930
64621770
1401401
73115
56060
75789511
25823653
50954
24092693
597425
55522
28988
57731
75573070
86824
62084
2033764
880970
93835
3446774
31073804
46968967
24566417
68030065
52828767
7879
77015265
158062
42637
529614
60524
48784639
39629
68089
47127745
43672450
78646791
46211134
3133059
30601
48019786
66343952
122485
43584866
247492
51471932
35588268
458154
1028045
50655130
286798
2781
359732
91532
54054788
114587
32191309
55891341
48962582
76091553
78818849
276347
45079627
190545
34625
205539
243595
30394634
66512728
69457
51921
49105046
69165187
26005253
612996
42989930
48259549
4990
53964381
44826501
37181
409963
188181
32594851
61765028
742265
81506745
3145828
47399064
59208
142498
463344
62723
21855993
41752425
136862
43570228
71743238
27447409
664740
33502213
76235
324950
212267
78047
171692
268348
59941736
26070652
51596108
51950513
31159314
65691
86363
92968
18744796
26342630
58482
22233
59986
259034
54483784
23283567
37405550
82413
220766
218016
62649181
197019
59669
33053
54375512
59261547
2858831
256657
67170
70912400
52973948
119461
54396668
51136
57870445
3003392
9589
85140
85224556
74404
22259568
24369404
66255
84297534
48393050
74997210
33075368
83932815
94559
104276
67595962
21812680
85866178
50506764
87173
35539
86148295
24961
33930
236917
29541570
29910970
24832705
61092
56236257
36422584
128450
349864
48253925
91013
57203055
116683
121558
55806304
65946733
8947
47962
75220429
114435
36974
148384
29487
28503043
256814
47807
75180601
55566072
70378874
55786686
94471
29354912
77701403
78524830
59772
50542147
83017158
78641954
34521847
103526
12078874
122617
270184
186272
99309
581601
63279131
96916
64693
39767914
4266974
404743
69018463
497948
85582
75285387
514683
64325515
80081962
5667663
3164801
1379799
116426
1081465
77324649
114319
1174427
33914037
107387
54476355
71033
48076
281380
61245630
26702745
215387
58219726
56548313
59417777
39252
55026801
170204
12347
140414
373972
72846341
75705984
563777
323728
126492
53338
88258085
8673581
92716
27975557
36879242
53962476
53415732
58760146
42504080
342620
34703
52618535
89878
71339033
83113
87558814
33021849
62798
211278
120364
16512
5204
53017
90729251
86659481
99559
116804
31903902
98258695
61869679
31603920
27224492
81642100
86217
57601761
33503
198520
85226
210488
68985552
47471
239394
2860685
59986
79640920
38892
142293
120666
92481702
74949
2966832
4155
56091
63492449
67661461
32252714
61123603
36318528
850
1631749
11383594
1442170
58545
70297
105826410
115638
169648
82542821
68151731
63807404
203737
8589190
97790623
20136
62848
213153
168397
10737489
72450
94048485
56681
91780703
144966
79749
84112
345601
845909
438864
39849745
95101
90523698
81627
63459636
89624582
61098606
1298
91472
157538
92011
434
381694
36856
84356
64985
56204507
61599
96621692
38239071
170269
84989
7887
1437830
69412
78983710
77602640
65802416
63430
65891170
28243281
13010318
141781
28374386
93741236
56343
4368806
93940418
1789494
31946012
54808278
62583
265524
63793855
41759868
66037695
25502
96495
87820
64172464
77962588
29440598
115448
658731
72267100
20931
18178219
52254504
66597066
92754
88792671
8642
91741
106650483
94621
31138901
28464
292461
93152
1092279858
68766687
74885
150048
74499424
38465014
74727063
101871142
30325440
86100
35407279
235944
66644909
1739678
107736614
7106753
70618
158663
62946702
67337915
41403393
3177855
209658
1139983
107273794
30282504
67397
65478232
1946108
102950929
25443
109539972
27814085
98505507
70387918
50139978
21383000
760608
103628282
34984738
94475
41932889
47201
30843073
124136
227609
337015
83464224
55206157
40718895
19952109
106790252
108445843
78066990
139699
130168
107388435
33547476
37138691
36924
98780
26665
158663
85334750
41332975
166092
24855413
95160521
49064073
50973223
707529
92366615
72595832
50689
59342874
58395907
61422
93908
328420
79664476
64708928
49337623
416730
402157
117804813
103045103
125997
108663224
156496
104903694
97685667
156812
106090846
155955
141313
79310312
77423643
116955404
51706321
797503
97139
73503574
47617339
322320
1600
550395
470544
42982421
125988
69084716
107024209
73742728
100872
38486701
82436
28264849
30024721
307560
86977250
66307
1737912
76095335
2677728
49504702
9794758
87903031
54300
49880
69633718
80182079
58349525
336814
226105
12677865
118677
323527
12107210
18418
75304
72217958
60903662
154347
103828057
80128360
69739858
72565268
158234
73315100
46371
68713621
140203
88143011
38951657
90247
60763
81197386
68149652
32133135
42011
33105372
268828
49633857
115038348
42711854
251226
61489085
81707
33969
21566
2827057
43261
76229613
106670730
90184
29446618
85486894
212988
90746219
42162818
33583696
44706
59516044
73364
64280
52027508
1691893
27582
70945197
71887866
32260635
89816952
266192
77230
909783
77132080
60545
81184043
331158
21343589
475276
71849
104501258
86883078
1324833
78087114
22819
33012339
117099683
112674
29496406
77226699
25218
81241
115956
262755
1152936
346881
83304321
10948804
68615
70266437
41838
127025
95551
71538351
110889287
2435861
236917
474467
81201993
190472
128726
1763438
49808
125488
92835
161761
73022987
222905
70087
96075
93020
86742966
51916
566268
88728897
82079
91377
24365
125579260
5197
169539
30059693
55180
21384
247968
207892
107437
56144
96578
1092139
25307
100986
82928
118172
1160803
88465585
38603874
151811546
52145
76315944
57893
113250295
47433
21212444
99407882
55373
123301869
124523455
3597178
60828
10196
406530
103673745
91733723
28717676
35749286
93526532
285063
160799
31141529
91940563
83160120
97730
1850072
137545
32614
98025996
218251
84908
103189
108820237
71736673
162433
84075491
82978564
153108
97918592
553817
212407
37323222
91224
78655
916555
97778831
65824
91052664
87986
125651772
293425
176462
106924
110778
16687
587359
49133575
99565816
120867
5483
60585
1337913
23428899
36609203
132586823
53979588
99304
75827
155587
87539
1012884
24566
269152
81506774
119211287
16070
44930579
43270
45797480
60490540
233269
78111314
91909251
81660047
55981558
69290
71033
969804
145761
78581613
54176
65045
78003
94626787
182369
4452
86637383
691238
78289
74205348
164970
6141412
94396961
2943723
21724
98783
858157
53282
842054
1942549
91084775
10214763
2953547
81568
383894
86113
106285
78440
127527865
98389
77744702
14792681
135752976
127003076
132649059
6745
98046751
26754999
677616
548221
71012
206405
34236020
62700
64925
87695275
207912
3793736
3609687
202508
145448371
19272
132129537
91335
36877
99858960
104576713
134539325
61592
302836
730845
30827128
106089430
1142845
114202101
138068762
76171
55980279
33397
78320018
96000925
185538
127632
129449008
347634
131386954
21926
28948
96505
1111745
45921
60187242
125572307
9834
68186334
475276
1298
83323372
163193
16935
136218131
7712450
32713
50596
126241
740290
128620
46981597
174605
45114809
396868
43937
294634
107063
87713
210352
65784900
20130651
148300528
10214148
88096592
82885661
98424616
142262843
132438
101223434
91793922
125435
1537196
283021
7345979
112384
198955
161858
230570
4750760
107035388
56370017
130544792
104851767
140751043
102240
46778
60611993
2994
50376137
457432
140326
36212
23660624
149436516
125021472
19162640
148831026
126530
686583
143077289
104673629
148344832
54848067
108209143
149243868
428673
125901
110407846
135163671
293146
124512628
34872
64407479
66420
85383318
95266558
69947359
11250
88130558
133151847
91007
296446
62577236
36564631
916773
99264355
103297
149534110
58663
89442415
97783968
56147961
516000
99580731
63763
105640
86431923
136401878
191961
83922
122892810
92555278
32403
28151
74133
78346
58744772
140558711
140609317
112479430
108521869
154670
155291315
99352213
34027456
68581457
122792
67524
100107418
39721417
90828899
30220484
306786
95391348
358131
107692213
100674212
93196193
158220238
82795
20470300
52076056
59927
10310546
15613
109575197
88408521
765444
267312
128317
100856213
64428994
68171232
48960
85312262
134115754
148899131
956904
180497
137109
262084
128304
194105
71495
93671490
16439400
105354798
123762
108820087
64803764
364206
881609
146287266
142678525
144193891
143345145
62225507
43167638
172888
121602
108097158
111957692
60246
85605478
120073249
35387
2408513
79147
15665934
206080
99421
7160
136613709
46268
20538
51887
385160
25092047
21909
109250648
198886
15262821
38229
47925
635556
41528366
2278334
27132972
457432
98496135
162031715
183721
151799
64472195
170832
53514586
148034
63400
123623713
121026
237693
125771978
893633
48500
197513
16966
162849948
32458
75258
105643275
295994
176837
117620434
64891642
192608
52702463
61542
127970103
47425714
132451
147838
177583
5419003
112041300
128450
140896720
149298711
56580939
3586362
106366307
49960681
22819
2528724
56638703
104178435
176851
118087128
177138125
4402469
37673094
83085
119762511
114309
50036019
155507892
505638
134212
45774467
137026
149247458
110620894
52806
171462894
135827075
50917090
110156
120978323
166970208
197513
111304540
1744628
125874500
69412
109345101
103453859
52320892
99996066
153300654
72334634
1347827
125793244
329656
120049390
132924674
5697448
88764989
18204473
247717
1971247
45135193
100918765
136664
120345594
117726813
203741
172773
156924
66865598
143715472
3091006
66027730
99804229
24289632
104536930
3142631
181465591
6597190
105677437
1129036
56492235
15230672
96654
99336456
203228
1511
192457
165475419
143909
90790771
170573872
118380045
58937368
75547
5021177
126269
160297754
60862
31179
115629712
647286
4061157
311731
163672
186743
43918
48796
163509
1217304
216913
49058
55566316
9704780
112271
105006473
59914525
105628775
73472517
117272228
535731
37791
121489251
97762481
139443111
128782671
107278
2286163
85733
106416275
90882
111254015
324162
94408
119970617
211908
80766
109937056
169066499
176368826
86507
167592643
106053372
110812781
111638342
572574
287635
53119299
73067368
231923
224480
117405
438031
159538288
84890
83113
162930666
222903
128975707
563731
180139
111573480
460691
611447
39567
80465853
211211
16316594
65305369
56120267
106783227
2274737
129900004
789670
134822641
37365297
56424
180209861
35917
118020
218956
122155153
73085
89061640
1569596
32326
114335
110338755
35103
122736994
64413533
110726923
208534
113130
60554731
52800592
228158
133431754
170922
153573
63002915
88420321
136530514
95551
78716420
76326
210834
45449081
178299846
109582
358160
27123086
138384189
238923
63851915
313904
37197
136319745
123944058
136658940
27770
135301892
170778
438031
72914138
94237003
64027928
717835
134751190
139669
175783070
127438908
99459123
91258
176713444
160805663
101466451
493912
93484
186743
897226
170650986
175345854
120434789
57817
115611692
1559180
129820781
61471
71472
11366
18408
39361
93981
180332231
116218577
69153
48942273
168937
68172783
80648
75807601
122553249
114218160
10470081
92097
544184
263693
69675383
58422966
69455660
100482285
19272
114069982
1130582
134422
314534
572574
565939
80412414
130698
20875982
136358
75986
41950
178824712
41655899
67241
60374
86223043
99094660
5308048
64543056
182963805
120967593
4241175
124348
132648
11720420
112645820
138364466
135654164
167137
44735
116959318
126066182
71065022
293343
138523357
61754961
2098264
163006
178918887
125599084
133512163
141391
189515415
193511258
140721
162443607
20905479
815371
91618
166225506
136939989
2049110
276877
4616804
10537
128392100
607187
33583615
201491700
118118113
47454
184708680
196256
131079981
138809
133559018
366381
174062
540156
171158770
155480149
135258863
64025523
60412
264160
83198
142563
6415474
227129
140326431
107618
1528796
118316
328260
170559
70437
53188
14350
123959849
1215699
129845720
1963817
44010552
738627
165761501
585831
116773807
66716
90332
4850703
132574563
18987
85621
434505
143757825
571373
1317627
124797309
72248633
69250586
117117
113789303
95148
17082
183638742
177940210
71321
174609526
112784103
1101827
65567143
212432
146608438
23504
270283
493912
117116
7549136
174859893
125435
263693
178768218
79930
418440
193594
89051717
67705645
92097
204893
185378331
189990
152794217
366050
155751928
181774240
201342262
163023
215024
61298753
126819524
122628973
3307019
1185652
188004565
112555339
8169463
71121
646728
131641
472504
76508305
120877764
1648949
60968
96603
2988760
104261355
148958777
118348004
182142
57391343
148230611
89528
52403632
2968548
143325
139930865
103227
151799
84255
319392
45183612
145054
1927922
150995456
302078
193864501
155392
130365568
192968
130002332
153022777
122009934
112167825
90946317
14973379
126887958
200428041
206130
132105859
22678165
20971327
47494985
135943
93425
500437
18030171
496915
61176
82156371
1406725
105108
137239840
111028
93739
199683917
33350512
54152125
131999471
96104
73971378
617848
176789345
93134405
12744
148270659
78273
311247
195360511
329930
148507
45343283
66136
95750
209197128
144481080
98071
21572
208000
266544
129479839
127516
84315
3600449
75189190
260598
534560
259292
330988
57859090
141160048
251487
330381
440864
127912641
75699
22143
440715
42605605
128918
150415862
184797368
58276770
106999281
171773
412027
18331
108927
131155771
183444
132694233
73940184
16792889
132352728
80742185
86852634
122539
146179187
239590
104008372
1648949
35646
208952
58847
12228993
72246230
103117344
65521
79002485
180634456
426700
199233789
77802
251383
118842912
20352498
41980120
102340873
69171
47498
149213945
120519
155725545
302959
82234
81767
135305061
73540
316871
67217
613039
168377397
170521531
163934848
150817
55427843
62138
19293503
200101768
68045140
93492
76340
62833
195064915
149505414
97861
355663
2440825
1346697
8637
117112680
132382241
1476810
174343132
215954
123851836
204168458
169299577
129001
90835
218920
280650
183598318
164410069
205825630
1151379
141063719
204314781
49009
91656
84514330
479021
592309
132341049
149091400
51588
142933049
300990
81675901
85610
144792189
137610749
139266955
72322285
35994
145922742
144167458
43854
128302810
187548544
170862
155464924
194399995
768820
148186
130880768
222433698
143293228
142598796
182114877
181437
72687492
135266950
73200
93493
152584018
28022714
32589
114912727
64355726
150817
399981
3193
8486546
148677760
85948152
89058352
148195958
53947111
103542878
116894094
183674
209726463
10316762
286021
1137635
50856
153548299
197399
76114
12140689
37403770
117935887
248568
137350934
75356687
10408033
356581
139431754
137041707
39056
185762870
90805628
155100276
163967544
92436196
130138402
840324
110577
306937
4628780
226099435
206948508
78564695
88362
92396
116651
60394
61822009
84741376
50548986
150359
86748670
29421
23486
202498788
105056063
206305
41022747
37442
187814128
2923907
83571
120524
305601
146709708
158989422
79896636
213250967
98029
155249
70669
56904
230758
2218392
120814
388900
275596
78239859
38123
53132456
137739391
37546
176475100
49669
186206147
97454
90124
118939130
86807
100068
160239
228357799
183379515
161231507
135225224
173796248
973751
164929
41689260
220000918
85038
128755657
411507
69680276
139610925
142961
131978
192148202
112439688
242353
61992660
82633989
148435711
493695
167092365
151718376
210150
1284863
72293
232398009
223096272
7045596
299300
111902463
177100608
99417236
93983034
132222743
86198921
5268
155713228
121007
125017
242264
142672
185893
84470
140067848
2776791
244556938
363318
296445
188753748
84697758
71679
99815
96508889
242588758
212407
41436
211173
170518881
26665
249930
64334
26104484
139446564
71513489
66439497
84418905
147803856
182111
90636
215311
163187600
164038016
61225
353318
365813
79204140
112887
107611
140356010
231700
80554231
40778
189983936
324465
30495
88304157
102388725
1125865
270283
222097
195385
569864
184713981
22651718
76711
425482
1622249
19382
405873
6142888
150268
176452463
57744028
1042922
176601364
91760551
82027761
127193133
227706
385259
150208833
111392533
200898295
85396587
228613477
240004839
76005
195218214
147700303
149861088
147489542
8754590
103979730
165320
4044689
82323836
192203592
232176235
110754
173442666
161233826
149417343
94292090
339073
85963440
744756
448749
621138
145762566
83903
218021
347255
93551
1518586
147060951
184467688
31235
109454688
110233110
170288145
34196
88565
228515042
164786
3989406
159867173
170880
192727779
164864922
200262342
86161
15555
840912
236368265
158722
83678059
192173418
45231846
368734
150078638
168406279
224405834
146415
103699
149619
27
252991
148461736
45651
73417
202368458
59221
111636289
7229
1031568
163321
10874565
41055904
3984128
174746379
170056829
53586422
75221636
202508
119167
5468828
63126
247608
236033250
168330851
354354
232897603
74404
155498480
249050257
11317580
5137868
20809493
305543
172495103
463627
44322
241422467
8101
163676032
194138716
107865
134814861
226435098
10094192
121965134
14947
160237204
182791792
223248604
255010469
88727077
262027
31235
252518178
125978
60150
231532292
321491
96094944
245970702
308720
116730
303008
122378078
151525498
125172
68998174
259297954
27337
164651434
212707443
2687772
37546
88145185
91689
181461948
225255
67312806
137922
209253119
210463025
155241
235419716
179350841
95252749
168557012
99162
7978179
178395106
162646
171882015
54656804
272596
86391657
169911699
109343
919933
162558
172708897
100286
201596775
258729
76061
160751686
152618970
1893544
299837
151593393
20154193
219721709
21557
27479571
146136624
174796
81049
134871332
93466
16611514
240463925
257603306
63126
191865500
1975828
111467
167687
77940
245821138
108759
625830
47550
70010
284421541
344523
170857010
132174735
99559
116993
173362579
134206
2435358
44960
492403
166865534
217847022
195290965
179092860
22563977
249155
43575
167141159
73823589
135185
147277170
66416278
231700
415381
1643926
152615662
478632
19664537
543066
208193
176451962
35894
96495
124755
66307
165712259
196167155
184943
1444096
359344
259911
90225753
181577583
193590311
197378084
1239126
110637713
40455
7249562
192425505
186651
205708606
177675844
275960194
74592
110550
90882
219430946
102379
177136175
230473480
266052741
6371793
359344
147620594
244448474
280560662
262949648
93116792
242355
61693
189086
179205167
267634177
1991300
92417
115858
264130976
220854
446439
83530
128720471
30449
2947543
272986272
253135904
87032499
73448
384040
80699
97269848
77074354
299030
153071
15113
72827
178978808
127751
173847
93324615
244760928
221209360
243511079
260614371
196458287
1617890
65894
44503136
283137
183991372
162827008
132856
268673
18462735
191603510
203062679
142563
25583
206106405
145245470
170603
218918169
214083
10417
134880454
259804941
95052
30463440
122574162
60010
242353
87769891
103266
20051
188387041
162692
255208076
158649042
201528771
334152
232268
18077
2113746
287141847
719193
231984
121665
1496677
103306786
493710
208545729
452265
542737
596246
153436675
179890540
140374
195591
174231348
192156
61422
287801049
168162
450544
11331648
117904
135114
809048
106758
289127267
478483
625903
133586
199480228
473586
194616255
289043264
95061
266404131
42729
184218925
84466786
39900875
1555421
90099374
2882860
261345076
248510677
240548
47648
86310
86515
112310
65243
373849
79112988
222222501
94250
8667035
190809108
157262
72340
4473702
152391
537393
150822570
108785313
215774585
142753
245371569
88664192
107174729
135871
151312480
102270
233802025
141648969
228344
77071
60119
518430
182899829
104742436
43312139
265267
2607660
246962628
71499
349080
292000248
79553731
105993
1398232
92431715
1177151
301113471
201061924
43565
207500675
54419900
34691318
51260158
189321495
135437
138093746
279286292
193233851
221997656
98777
99314
258535769
233278938
169614863
259583178
83101775
74025468
100914527
76650985
41156369
201731037
594099
27885774
193461960
28380728
170811419
189555
173298
90140578
136323440
179946411
198052
140651
228575
197465570
279617191
125172
61958
155101289
64951103
186353557
122009562
182171751
215236644
100794
194944685
211010469
87769
154051
89095464
1294772
6093866
714021
204724187
75514
375681
108183211
155402
78563
172239414
185810341
31918
50368
1670749
315235
268602
149074
412298
58761
192495012
287931966
61471
86257601
72555
257334
265336942
300399398
210669584
215105932
224646871
104935
233518713
91621100
282053324
227121039
413868
30184
285197985
218954537
262778
927555
16297436
708712
6745
278622
131089
238001
75657093
91669990
673479
61422
211265763
193514681
1708977
198968466
177664266
457724
64412
507392
193560
287319489
230367808
122678069
153632081
226241682
118565
48500
10484623
11126589
201561804
580114
12828799
1919011
14996678
187428004
952515
168471172
1968604
126300
563705
231069377
31900155
192417466
192801
176481509
285083350
154353607
191585
176918095
106241750
82173467
125851155
116993
274083899
139598317
213705003
556403
190014375
94954827
105347101
220510156
431574
156296
2171814
240930
294735254
220251
91270
208078583
618587
188905525
12341
47447458
228819264
630113
181763
208690347
840495
205171685
166303
2534537
219822
143422
74826366
814218
150491110
1037475
209642836
173993186
112433
68176
138979
311506930
209899508
118125157
89698488
278919216
295672
205370397
219542190
81401359
317946
344827
174806962
687356
148857
766935
88485
5710398
287268930
234497107
229012
108966466
289506935
226783
62848
203751845
89387276
36385
178021560
262755
86666141
267080085
313080104
2016199
227405502
299443754
235528071
289935834
79672530
198867596
263478
2016199
185924941
192062989
100837
172097826
119746180
203134890
190657359
229655291
71458
211704839
315019
237252538
219243523
152898
3478912
241446257
19171
67288
229383108
305207001
318531484
899766
111028
386338
1108575
194953757
309415924
285042064
1279528
34102
307845
4232188
299834567
259858995
94699
708812
232716195
373849
379762
291291161
9077507
211263782
221992342
191963387
44927
145651732
5263561
225926096
159726
205197035
573982
86251138
201071769
244151716
243061
288124
990516
70760611
229776845
215303602
200494345
307997
278118853
237438879
104497014
118106412
158339204
639512
302668
3557935
2483593
2230467
302668286
238114786
16716
37467498
74415
158127378
2045444
160604427
298282307
185883108
156845151
571782
190153
103381361
1602164
26467641
186353
271500772
174416156
293987895
214948238
135592
324950
176744814
3018
119721922
64705
185642366
243501116
431464
194797705
185536824
296747
25362
334950
281811050
128875
156168306
196906829
221119341
143310
194762
278587721
9216
315337594
10598
787744
202814393
239556411
178933
1489066
95290
217213081
58285
213252770
236904
919933
891788
307810212
311093390
216882882
223285632
193587546
329522811
146090240
125804
110427335
99637231
261488848
369338
187128
132419636
97597
396781
63400
1749856
519362
1817532
88116500
73419
123771211
1835008
10818
257974766
526186
1051110
61129
209551006
7689
305661574
15838723
43364
106758
287558346
165320
371210
215489138
311712279
113826626
93283
6187666
300544232
443100
110511115
89476
108500133
202170
94107
456326
3876877
187013676
135721
98783
86968
66361205
56409095
90191
85825
319573101
164720
79240
278681858
312433424
244368599
225506957
309109815
1386522
359196
394855
294206
224164
203469759
119872948
92130
196172250
238471935
8170563
216954633
99472627
2080604
29269
88273632
215092365
315161869
215753
649396
74381
116056
182969288
120782
181438
221404241
292783974
93308635
223581989
237156679
305548211
1400602
712888
132870
332814
116284994
296153
141182
352098
160816742
192927186
414950
116226114
98783
1682899
95055
276453
324504376
1819525
324926224
267849369
2103966
323607324
325075667
475137
192246358
77305680
334839118
194696
282658117
235888340
115355
383829
763186
251919547
128652434
124653740
273460472
206304122
210783
215663885
536844
92060891
189828
540668
84990867
259549223
126772258
471323
51945122
910653
2440514
178728
138864
319330653
198319
189817
121921361
121978790
122204651
690872
128858
181148849
217906224
208693861
253040854
254571976
201653
575741
129464468
1139173
689811
138469646
134419586
116665766
316678213
316905898
392449
722857
1214588
803849
228439520
128858
634174
248596456
1114661
103139285
224813411
348713340
962443
1076435
279435
146244798
313125794
273238058
235162527
280518
212689547
4955615
124322
2200262
2072460
137544427
118193453
172777
260203317
261064207
178645903
122302814
300348606
212674577
123671
293058
100799831
501005
230407490
248756
183774566
204957409
249220995
13166695
112464204
107037
168804
229766913
93897
379178
175519
243376
187476199
25187500
210962698
133565
218468
242514890
276169
341814930
122099
35585853
149379854
236355470
153891814
174457
39553124
276045
153903
173557848
590996
163955
702173
165812761
284520
219697658
210328284
141212665
169291847
246466
2132755
249731055
219835
603572
159326
142219
2019874
304255259
24391705
111277653
109705
34253529
294483160
156177
112721070
359755067
1093154
197038
296173835
6215687
51178866
294369
313222525
98129918
93683767
197599
577765
225346041
311455
214182
139706
195975685
1820007
249669323
181859171
215553614
321276174
227133413
1005949
210363934
284561573
283527751
106058650
264395911
225264636
129419026
112961194
113658831
122433654
622148
2311004
212327689
152187
105966
4192789
166233
351471
1205937
1351283
88930469
137583614
688777
277867541
549542
271465
169863
4604312
268631059
236136118
837411
340180316
342124249
217931343
229758881
149278
287189
439669
1409904
334657
198734
139974826
268398663
671113
269579058
299751
359545194
2093795
74296
198907
148304526
205327263
2315647
197328923
479709
126836236
222106777
346004251
252028
6857734
486009
2477219
1113175
230099814
226756
8953999
338267331
175103
146466
218757765
175536
192252
480187
763495
755619
452822
289109503
140224518
211005
214129098
97443173
147332
572620
1519325
360887902
903346
146144415
236690
1914983
13719607
347722555
216974
198369
31766301
188307636
241237
125759408
149696620
23741635
986035
267432049
192615
247168327
214173
1683525
12152310
91124326
807061
315349347
282640664
215677
105640481
146928472
284389
617665
118348040
329946
264915302
359150
274246
233465358
102386206
357029826
923400
455829
806380
255455036
230241
296726434
419930
49633068
139856268
1050815
137263
139173942
237701340
225327740
335008676
696916
