1031172
768029
2140439
892611
60319
50031
59436
1731358
1048135
138149
1035722
216988
328164
964778
1608522
2113162
159925
2194211
143861
2002795
978073
2434002
407938
2268707
9895
1806965
6673
56315
83835
3053613
1123992
1769420
491396
825200
59373
81204
174052
67324
2446714
2228921
3921
148314
95051
22719
2163288
2506
1841516
421495
3928569
156135
140907
73558
2735324
297228
3903838
4113528
302908
2264257
4401660
288212
4256209
3332555
3415522
3392662
483089
29580
1602757
141227
84929
61755
33489
165161
5053373
37150
4912457
23152
3997347
1450994
147949
128696
1024712
56105
209210
3773895
3499772
7048183
6709907
5845879
319701
2268453
3668793
4179926
185002
9351
5217803
17231
32696
9072243
61755
7641468
98219
6168100
89401
226020
33499
3001229
3158376
292049
215780
74008
8403243
8028401
129728
7461771
155924
7095045
4190817
8033900
6961794
6511149
59373
250731
81204
7509786
67715
250876
564911
1504845
544398
243624
179048
68384
76094
295970
10134030
2032302
9776361
3464651
2169332
76474
11967578
56186
111266
7049756
73132
10191197
6181069
307989
98659
579534
9110319
188344
111136
169836
8624839
156135
8903160
72577
7521260
1179
190315
6625059
9995914
58467
7984009
7123212
690006
60890
8587635
107865
369896
7986522
15740109
266500
9773687
73165
10911796
175553
10494678
9858381
6084879
278118
55396
