305533
2063563
515810
101937
185260
684526
198748
78332
798616
640680
75129
68293
750027
24492
307409
299674
1199002
697020
101146
1211681
87263
2188951
1297159
2326
1640596
74654
40074
1183153
1151894
39771
86595
44707
547468
34213
15082
267576
162142
393583
42896
834345
3055685
349704
1977828
1099227
88187
186747
126568
35791
7578
132811
2229506
261281
3323703
4543816
2774759
100034
24719
134031
1364107
2860064
2419739
225468
2145658
198748
867325
4343311
4406696
40429
3642694
2914034
3553322
5570513
5430174
452028
2433346
5773980
154313
3554819
302103
33095
5504817
2320732
3653416
57068
27955
4373012
186870
3000603
15629
4711743
1041354
189408
101786
41763
381296
4076095
4867576
3899723
76767
5811316
99070
1301148
3143696
13011
7536588
88927
52708
93815
37171
5530890
238255
3943290
44949
9289885
147956
6701171
86119102
30009
122715
4538998
41763
1077750
6428923
7919686
6551781
6987216
5266298
4051789
6404615
7209753
6321963
8742862
76476
6305474
97110
721029
487262
11036324
9936900
6361344
1692207
96148
71718
324199
8415298
346759
8201206
2041247
2078
552961
87326
7646103
11768018
3276995
48305
141980
28359
261281
13207687
620721
4266833
51385
10294762
12335248
12441690
6633600
40074
60411
30651
276165
86772
13914418
128813
7840162
7839062
186747
13452978
13380814
11727
8456833
74175
7644954
2533652
13180011
3971774
87659
8521366
41521
3121644
37270
12856804
480506
4000
7894543
3503062
7525570
7585433
4738030
4437489
370377
2140851
13681839
7797674
765333
7416798
6135384
220229
228162
118685
8863413
14404413
