606337
1032104
119040
1489179
1600768
170017
1783696
42953
1008260
1529753
435941
2116
1151914
124453
2743395
2743142
66923
709914
1157464
381503
2691325
63650
278958
2528803
176943
2696226
3409977
44064
555899
84784
176271
50775
99664
2614886
7393547
79538
3412357
2254153
1351985
3435048
4037348
3494487
16314
741687
3478540
4153936
5091254
164592
10538430
5101538
2885205
1200341
3807021
75670
1013444
4054676
3674734
3623095
50366
3931936
3906370
1700630
444239
46049
4009576
4761065
95748
111660
42145
159164
5743372
1782602
3711903
3325656
2674587
4331821
4452382
2668331
83135
41240
31168
6340866
7261608
429507
434941
728203
5317280
334832
2022437
3662141
38215
5732675
8780266
81638
80754
112690
11630
90009
89154
499009
4344357
169511
220308
85040
7942583
8580127
166281
4583166
145722
6453913
130254
4572512
3939001
9055279
27738
84141
7191984
5495533
6643435
992841
3361374
4495809
6443141
6466240
7506508
3644179
3197072
7722744
57489
74478
24444
1806492
78798
3672412
11245
6790116
3267212
7356752
1217564
3174185
195945
33600
1094273
3783544
114570
7721553
73309
7072092
1146432
6225260
6937938
13301
7626996
79151
7660317
386328
7974116
91036
4385912
8493854
101037
53835
7919109
99159
8643457
155917
4140310
365947
77224
8614164
12087048
74029
7423737
93006
6172383
8766879
10266
75651
1787942
10282412
45363
68018
6976438
110797
69444
1660949
383585
4215979
7928930
964310
96271
14157436
10259802
9960962
254057
9778891
97647
6761702
36143
129963
9746785
6198999
94913
46256
10818587
4194970
353296
62918
1880227
12871835
38968
137278
41240
8138741
70082
10385029
100031
1332105
15308054
135915
243146
146125
9156530
55348
11830419
84059
4373031
13244
9223448
81498
9951171
11231689
263896
155097
9172778
90009
14134172
14440140
5718202
9202962
10144786
302165
14374187
39170
4857
11361521
77662
375848
48698
5472133
84286
10148819
4677794
12187312
10847297
8410017
67307
6122366
196371
10216
16427108
1255207
17120487
303654
5474109
10572039
76763
9228635
10591253
1362965
94456
10958438
196163
5273940
17593212
14888222
377502
92234
26702
135684
11945522
275924
865243
194530
77355
520612
9536118
4996
77416
12521
70700
155516
17170147
8165126
793604
14668423
16767071
5288583
77528
62918
155743
6789311
131991
99630
263021
441726
588828
13907236
14438105
16761739
2571669
12464316
13741759
46098
14505554
58267
5790034
16135412
53349
108236
90829
273356
87316
25615198
13804038
15422731
111359
22342483
8054328
674089
16271755
292942
86594
280451
299776
43413
56124
17453878
14608325
14889415
65157
241935
15769883
20479738
3155538
42421
12563291
841771
49559
12267924
14609018
13608439
65373
63474
15360845
7946043
16082859
18271
20683
12085380
15184861
21250270
46330
50831
42691
134460
14444808
20230671
84076
217
109249
19372497
112289
251790
26532760
319670
817520
11658
23152415
320526
29588835
88855
18214385
66435
15931390
94236
99918
12558654
1158426
15902025
60499
17341874
3687
57304
15816393
643322
17597890
7037958
17987
196639
13054650
281883
370874
17359743
149202
558915
9268958
25038893
84141
1235
21489534
92433
334628
14053348
12313303
208546
876960
110073
157148
23587151
17759985
4711306
1039067
72157
22825
22725390
2206418
16738885
17888900
172159
193736
18070749
21878181
63304
4013071
170630
19415153
9361975
25976112
3092124
94796
312690
19123574
22439916
14044449
32334
268865
178861
10293030
24514637
19758339
17795853
13696429
825119
19087088
15151122
88158
56479
16582008
28675
20898965
20999279
7282025
165967
21202622
96368
42258
9716
22843
16582271
218710
11523
8728
324870
38292
1301333
94553
29043948
24197370
44549
23190197
20147286
20504184
17200114
250462
20932153
18249173
273980
19653047
143971
32502353
119424
36773
408876
554777
61401
17530174
23035810
1474566
11836961
96444
25297591
55567
228934
18447917
400964
22114694
3853623
316012
6941
67353
114278
87492
147077
28851978
114205
19063672
142522
147430
18936865
63077
35359
65382
26704882
33752033
19241682
19582890
39086
27536775
11806
35040
455652
27842778
26284489
61536
24456863
20362855
895093
27540308
28317756
1105288
92514
99238
26194292
75190
17747849
63901
143858
37945094
19655071
29283163
23570192
28768597
135051
10200467
149763
3061867
299291
749634
301327
5534
33710804
22843746
20198041
20752080
296
24009157
11716
23930979
86506
159868
172664
22384251
4973635
87630
26255038
47936
67042
1934616
98414
55253
37830
177657
289836
727665
26793798
70440
64671
147924
106590
29572584
991803844
51473
30240191
336143
27827740
25871939
19977335
197049
313460
51535
29338201
186626
23298261
782725
35470809
23989780
178891
17129023
265432
247174
971714
25166516
858817
147832
143520
29958176
45082
21801499
2061672
42356275
90756
82154
65783
24707951
60693
4164069
246687
20921228
51399
20141526
353727
23270363
714219
30971
28462407
198651
21726020
23497843
29203063
23950781
11890335
180290
25269136
174005
32556429
254473
27396184
44002
290537
32281837
550949
26653566
33249486
184179
31784355
15593171
105402
1348916
33475564
196133
26926262
74675
35592419
66435
20587598
28777155
300936
10658518
10364406
25981317
195002
179880
27563059
40790
81125
1637207
23711807
30143644
18037192
25414118
112117
32697089
33650824
73652
22209427
34806
20259
100069
26443387
23513556
100120
47259
25152282
290603
173621
18854259
103108
7521495
291162
114455
29719795
167357
39437459
33483746
172909
46175
40764
45648334
284902
33073737
84784
17698094
98968
40073369
31566435
36454769
51204
29176835
25561855
34854
7224
88408
37076112
32215833
34073579
73443
805919
137905
38823
74460
119554
30782246
954559
157217
81707
447102
557742
182087
26078110
25951031
135872
2911956
171935
33547512
8918604
33917252
39395382
102181
27793933
33081080
87649
29676883
37534978
84326
15252451
180739
28502632
207239
21371234
119160
175327
81707
398140
17147741
37522266
135867
20251
7143489
118360
43567040
30892094
25492425
1186793
134097
15320316
176016
24849641
38307921
66922
107726
11189593
429506
87920
88231
27055389
25432241
1810538
137924
18787604
66048
50390833
38693819
35225573
76249
228722
32327721
34853326
21297882
18006777
95915
31148025
33974044
137613
66327
104242
43701073
15518
20860025
48250848
418544
61657
124395
24225917
32208834
8664
32385093
38586
161873
31353971
34374303
37322303
46894647
226355
34108008
36400
222690
88348
190497
113790
33217294
173609
273742
30980499
61872
232410
17918604
33946251
26308207
41479032
28778
7252241
15406453
93013
106248
28382975
46924974
199294
328081
32053603
35798444
43807053
397128
75706
1354823
34216309
39614880
74570
41866529
13665
43919
722249
41952
89411
31857617
70978
400496
45186163
78646
102606
30441909
175688
732767
34084369
42482657
37296
5958453
238501
26922744
31880487
186312
120570
34292967
34441151
9319
147924
3150181
231999
42070
126731
315145
71319
1677713
154092
114012
44753441
231330
135839
2227938
89316
96684
44389830
43129632
17342
469304
35538696
52112964
49602
29109516
99362
316324
11106914
905679
44305932
26763
144516
567349
562940
747160
26083681
48122660
48092500
532435
97389
48387922
199185
85912
39540823
34075194
45076368
36453643
1543323
43418856
269355
460129
92941
101778
75804
199062
198113
38109012
81707
75042
333488
10216
30883375
881870
6570770
39921454
30489048
21978414
396231
35644038
40084068
43240695
16773320
34189217
166917
110812
50801878
539402
26469029
34894223
53045127
39576921
40278054
52737522
145120
157938
35180564
33484263
113002
727725
38629117
4459104
224351
40301877
30982404
37847593
292511
621824
672587
29230
61821197
48565859
36950837
88132
407097
1565435
41011603
1199204
606486
719192
120570
290603
37895173
36868211
44351169
760967
41987105
17174
1443328
5296248
176870
56084
9387
223415
578795
34500974
3813338
49818642
53550992
48628638
35405227
31644569
35752404
37730569
79712
1409154
64634479
157419
15416
35719140
40013476
57237
1452224
52576
5276837
1911201
4405575
34016137
3788405
58083842
45781362
36674124
665021
38677313
96969
65092166
49090682
190985
29386008
48135426
17562383
675019
804143
47255208
57844547
38976837
123792
159009
228078
40167338
7437660
153269
124846
4443092
33477
1574970
474365
255870
175843
47067958
43616405
80453
45024182
191199
37555862
108546
1443328
76825
47074284
54143691
50449190
61061186
60078927
224944
211903
51368221
1103479
171321
51012321
29752367
86562
311093
67075394
661875
50405487
4658139
52289744
46347743
48382355
54211
50374634
33105077
27032291
46657635
45075709
143520
283535
2072304
129365
27845783
176072
449343
181359
21746975
39990259
73850
197340
51052028
130676
224830
46032100
39151515
48491826
38843426
159362
119424
56218523
206763
40370573
36957126
58281
230417
412638
50523762
69188932
42927777
67640854
97191
118654
254473
61692971
13584804
98662
14839
56886650
170410
3231963
10560227
136785
54643358
311783
133609
137952
72775
117826
4278
56766588
219657
43623
73278
314269
339157
41777061
46238181
20479908
107242
45024631
46290775
28365972
40647236
13717429
87322
45140368
130426
55815771
16505
4025336
46084409
38349297
232446
43726662
52504994
48886
710143
54408689
55217621
55070353
42670497
149051
34914661
623763
196724
34222659
42938016
62827735
64535490
32123
346318
49321
32739
54608
38432472
71624121
461913
44436
49581749
43108946
580714
45525011
37268689
73713950
39627200
54443274
800420
46804321
65674943
35642237
377701
58293959
55601365
138738
351777
2225828
102499
185933
65994055
52211484
62004029
75713
49268458
47164886
72136
55842075
78276012
39683
68985
179067
142665
5637009
135881
48345
67949115
82212413
67828276
35550413
107442
39049905
69814
54572640
42299044
743433
61275710
58938
291403
8082581
4707645
69047398
57354905
36004453
67284064
57451576
73653248
50464468
72733499
76409814
59091737
36913901
67803
159601
66197064
78646
81986641
69938
19624
17595328
51613143
138711
1264587
55555622
44487927
41264358
1140407
26005379
50324994
6545539
86867
61266258
159738
51022478
140423
86764
72159
77704
93429015
103033
18911
31710343
56971909
56144614
52117068
62902088
516950
62888355
504760
192114
75115
61510953
77197
225286
1666998
65783
12292627
4149428
45271392
63587488
230490
9183534
52615973
12720
53986498
80176011
58301873
44762210
77719426
304584
42744111
43815953
80018824
47855148
354290
117180
55684212
303107
43593824
87011857
65049364
35927257
467018
222863
47094122
33428842
61838952
55090021
32415669
42333482
43593
2721241
2730523
140056
60115737
39490164
52260
13715231
51944180
152195
436246
71429775
28843289
70745415
53593680
67033
4598595
11194707
59862995
77965613
211832
806918
54659944
174957
87065326
95068
1106284
69842
26130328
58731985
243888
91714
199340
135914
80292
4645543
49319
98966533
112355
39980
22659
85138
92144796
58011218
60927060
249316
173602
100778
61776595
53151997
87596626
70194533
2331007
184481
268865
63231340
52512027
46296997
53624760
292201
90694580
69632154
53720324
67228665
169961
60908539
14887665
2296506
84732561
34039542
73872350
2360612
59878180
174854
124261
217839
60846631
210932
24243074
81261073
312648
48007486
73827664
17933
72191096
53415674
96350
350868
60890522
1570561
1989025
30388466
59912742
8043
58903502
36782904
78245198
61112802
75524
219870
125393
600542
25301
53056010
88383746
1582785
66047446
53903
57993521
163377
227196
398479
301188
56332804
646511
264986
32789759
216263
157651
5051
83242
55209458
389611
43494557
154718
931005
33806
155159
106346018
73761540
90873
54340381
106603100
66967404
13491011
477302
104753025
32402546
49740237
176002
81177262
72595061
101911580
62503986
101945550
72752
86703
94102
55646027
47589120
58966502
99799733
258296
11664
15227204
22090
22835
70833719
101843889
171219
86579711
72373991
96986253
75203782
140982
39105583
47046048
60205
5745793
52185805
721447
55848526
84066628
295566
194397
74775179
60898468
15909
62367262
403149
63143488
66207293
529258
52407248
214203
92296867
2794446
62485139
103270669
66389056
48958709
98737475
83030943
812282
81683108
65517048
93921260
72122685
1099562
83615434
161292
62798825
55071906
178893
69499843
60968337
828128
171709
107607044
16173
868192
1056488
291432
155808
100925204
991409
109253
74302832
54864316
68858
82448590
258729
126466
67232905
770136
68450767
3383
463591
87134
60540092
79358715
161470
77662
47719
331772
84388
12228750
125314308
2365062
89648553
91423341
73555758
18911
26512299
13161
49339251
10164172
204634
97728
1214344
39493855
86961948
47056975
80584431
152285
177061
103303513
60564344
62790810
84741
272163
69591997
55987124
416244
26170271
119370515
305520
165973
60193
80453
75481530
56964905
72713608
229975
422631
5095093
98026
121666108
145955
188487
70475177
23615557
83382803
55873
83703269
146844
73366726
69886956
401225
9467
79734566
4023261
58721
506086
92535
1018929
38773
67421897
16189018
76658509
94476
206068
93831540
16335
93396
69069409
68255143
80490050
133171
164807
85569323
44114244
5755
141497
818682
1556176498
213768
74712594
72092427
318415
92623934
73922573
212243
64883521
85057624
155557
48164200
86432644
97186412
82820872
69313533
86697557
104418
87490
51515011
703164
290391
66035
74946778
48223425
2908107
35171
53903
22278
19326878
80269472
83560648
82114366
95021
58709650
12548
991409
1373403
26934309
75030271
8699230
29134
106664006
65668793
85806296
76551363
20895
28050425
66126
27134849
127649
102487
78253066
65819606
58695
75349955
166078
970991
660235
103249
64695001
17916
34858
71499642
129465
43064982
181881
26197547
83642720
404823
24464397
1136272
92485623
18620273
27954
517125
124619
148331
109253
202269
123839884
81451174
65596
57414
80204845
1311325
161789
97035697
119704080
81829949
135221
9716
88470
41103136
75327723
118415736
980101
46514342
129692548
95823305
421753
2066702
132469736
102003174
54818
124353958
111444
89845637
65387
469304
68237
402088
55715926
245980
93019417
54991602
50949710
173518
61544598
5555344
238790
58421
151320
106326923
109008899
32255
87291275
89641202
95708437
91243348
98371437
45074574
18641962
85445
72132754
140143494
13161
95395192
72330337
49955
83242
232497
45146081
64813
73271044
1114963
453894
53533131
70131
11181683
321055
844971
253486
516950
613724
73609
93798751
42324369
82324775
85016988
263274
761635
14072
164962
374952
49699
188288
73393050
97543084
93449974
1081137
120538743
3383
77521
93333504
7713
81024062
97711
46946022
129524262
78761491
2559004
84769383
136674
79298764
180888
74293180
96231111
62753089
189265
87747604
87941
130426
53930
57143
20361
148676
86726274
8101384
63587544
85487327
92519300
41122489
67287284
81595301
110164800
112731251
91201150
86834993
342761
393743
487295
115523437
17713932
84332336
45609
228142
90474
30413749
378317
91589302
77769610
75003101
79040
80436725
95074222
327153
147230
3303489
8129020
256004
9636
44172569
77232225
197459
1791972
55571460
123382
77100369
85658204
63631127
71435929
60313
107984
43593
8681857
6097463
103714892
115544340
75682096
54055307
55819618
17393485
44311
5454225
96229291
58767370
77721
51569944
99599018
95612777
122802390
1235
58068559
35185
64584705
64256229
60479866
126379
191731
193947
3601048
137876
140056
33447621
95743152
82524
93033641
45099944
42533
124079
113579416
114455
89508996
85590310
277730
183559
69740
72113010
2163420
90440206
177946
92892
2755481
132883951
42783582
108254267
312581
86929751
949967
13928
156309
2619212
98468
86333750
329978
121757
20731066
264191
73620296
25450
101888851
90467370
134131503
182922
111029025
150744
174383
22131
19406401
1085450
475781
85626213
2181950
74945425
458005
69858096
532758
109534706
79850743
113381
338714
130123747
72464211
112815631
110476821
61760770
694822
89481189
89023180
379848
23228177
88368437
284540
27293951
77655857
297746
218783
99450060
565845
81388449
74903491
880291
122182693
121903863
101086294
87820073
108238143
96500298
131130414
73891461
104836253
864091
115646
106427
79908677
3455742
117820153
911808
49259009
1081137
454319
142102
88909247
95446
1629506
9777990
95389471
533457
79609276
83337546
45052
116522515
48812
127441579
77474
86129
254517
52910685
134363114
94198018
91293600
241059
120292576
67573278
17845
81127770
87551
120942830
371853
103026166
129509222
94297
56698164
94258325
73841033
36295270
94383703
35793282
144137692
37185
1068938
50285
100270003
312455
4335295
472413
110848508
153532
346998
97395026
123743883
315656
95924
16587
2021511
68890272
115533
445022
77067205
71220
50065356
98511530
106536737
70671564
73164951
65422474
160537
62363805
60206
84948196
20327
143865789
46972
79538
102549860
432283
111238
70348736
120215621
150972456
1017961
16786714
12361855
87459525
87212338
106715823
87358704
80461303
148137
81683075
148121
302643
160792
170927
126890
381435
114142
39985628
60543768
96019
135609496
83812860
113506822
143808
112587058
101686985
552212
45017
65513
119382484
97516203
84636
90409264
381422
379290
174744
2019649
149558
1068031
149226
265839
229019
17686272
90395510
97711
96610090
869520
193281
87949
120132533
108927205
5381380
174746
192980
201109
102556730
83351303
43790
92535
64972179
65426
171576
96350
88089
82188728
96967561
83231
98670653
92795809
69415
190639
129803175
112533554
149692550
154583222
19310
15190067
109562098
78551
340332
398547
75084
1321944
91349630
127586
102097251
77012500
86129
103894615
98968
496034
90442442
69848807
81096433
102045016
178327
79816
211335
79803308
108550251
767859
151411236
114129
22196611
115920955
163487
1828893
10297
156047
110201995
91588
80772356
63609598
6596
100568796
81604378
180175
66521182
57528433
1359972
14390
53206
133217
86013815
290543
36
62783760
108807335
26031911
77973
107581
43790
68873
275008
101192721
67090833
174990
87370010
17049326
145590505
97179062
38137642
82058155
210394
155207
110294862
14995602
91347
96940113
15076
2804998
111223
2819225
612714
126347040
104980114
92474715
308291
729051
86753971
86542
6475552
114480187
2990421
202105
707010
71652432
87131796
150493
78530143
291971
126837863
346982
10590
379269
638778
1493627
7748519
64241485
36801
89832125
56339413
796427
648869
8369492
150744
885703
141455
178521
50433445
165300775
67338081
58104119
149508483
93330063
109953
323808
37428580
43664127
109597754
84784
421504
74219260
910467
112748066
88704
115100028
88224199
149334598
79357219
145181798
210315
3209191
472349
4748731
112746663
107442
285418
159522967
208945
50697706
35251
21540
275008
31888
554516
517907
72607217
102279076
99979562
114915792
53054508
85075299
89839668
1023124
107307049
47061896
266695
154000
88331364
130038
91521
143812
80691953
159023667
63630946
143590195
122183084
150562
116577829
18384
78084
88648485
117150410
128689362
60539
267658
103397984
486392
1635615
19883
79505696
562572
3328131
137241
385915
227291
89194
143314471
77210252
160945909
107148
84097022
81078507
118154
57461160
564760
117066751
80979968
38011188
134531
135234834
135362596
99808659
107168252
90309740
134939877
125251810
97408
40803
92413945
230653
202937
616434
1839644
32186
343275
100556725
100053571
103041008
36269061
76595948
36924642
2813
78347225
202775
126394697
25469203
91703866
83047965
106939606
94446920
141840619
95924
343111
71854
110071
127736
94846310
113155959
91801417
115728333
33960
161645
120748503
228145
70939
89351
157494453
94138365
34089
113595641
109306268
2502811
231246
136985871
1508139
90858208
561456
109446781
18473
231726
256671
50296779
88323554
46968330
108067260
101911608
40133414
1519435
160831
84012277
88675139
81246
100909234
42511474
7886042
4885655
4324296
124683161
182621
61558
139902
54243948
123359
103731402
90480988
115008257
56013849
108744
109439580
155516
92191261
113853493
103768
104023436
156629494
1931747
98929744
801686
89234937
109803
75865
55035
79492084
16475
77662
142028338
115091
20828022
430097
221926
115064042
317226
96020885
145456180
51730282
323390
81685628
343032
103265
155140
369786
304363
36143386
166889170
127290575
135503
126439999
12698869
47232959
112446328
80369657
78823815
112988220
313657
21844
140162504
94348680
46589806
107085466
1031630
194625
121719502
296634
1008636
78980704
130395914
77091196
48828370
616773
28345838
153776276
376681
246473
64130045
92944
329040
94411508
16245532
156104
7112435
115619580
128148963
5712898
112376832
151724415
82800916
799315
141686214
134345
115142494
126053297
115071968
92322
146182
357
95828274
92893620
124990856
52460597
143616385
40375
167819101
783648
103515
96119348
37964844
63269905
84863
70939
13844515
99792204
135075
106734
110884505
17498790
37975617
118367428
64948036
342651
83851000
659501
149985
115110
90472326
131921
197385
685243
106062036
100069
129456239
67559242
58425880
133761
453801
121868647
470105
131150
104251626
176699
56228952
92955615
135602530
77419
103935929
430153
111100810
698104
115382219
59992
1211372
186600770
173099566
123913
194496
108191
30965799
1661
136776
138063
82162
469387
132993553
91842955
1071665
108626731
531703
553694
177547
104332081
538975
23218520
75844182
105724715
135320215
30466
145212
52217
134284653
99716
391817
50320
74961054
64666685
125140
150771
441841
108523191
125270483
117004
452911
88859257
120394636
113911799
99809
109220110
74041
101644902
111596604
102652372
94778368
114142
147954339
42888070
103802147
161536050
145976674
148874992
142686840
97811796
637578
119528478
79469098
141919
100499743
154048309
157041
120510
31900675
95970664
262413
73876736
152523036
175817037
208729
707889
151439544
167634826
123710644
93201805
99370382
13558484
78491456
133165993
105751
122044067
80121330
312664
111056
183598986
270438
51660
490293
2975092
113841632
85905764
483309
890569
114284
81169543
189734464
86152998
13950
156284657
98830468
168451
156350384
114012282
163337972
64773609
92327
237066
160002
335073
3579332
7090476
2072015
305691
130537677
125984274
103029976
381644
264196
38727
162972914
172762
110330897
140779473
121045846
863693
95161691
150935
20759
287250
1016895
146326521
736588
1249740
109447360
33897
115496835
134925
1035326
96073
221961
153481770
154354601
34533
64636261
274818
67666234
163232533
37704542
151422416
1033885
177393
108640383
15495568
102655
249240
226797
93931
216258
44194762
616330
132082017
106397956
176570
103482695
144430
135692886
692461
159868
177790
253796
170445288
253925
268
77579308
37774980
112315126
142592215
191199
170796144
284318
67879478
162692389
5853489
9615534
186532368
207944
208999
127035
178923
1228750
134855616
102063787
232892
113821899
157050524
144655
557793
167494636
355231
343048
411543
123541443
601498
136313956
112976261
96696902
102438185
142816895
166374231
103325
274580
120930301
140166
130944077
90847843
87238
120343830
515803
7277
263157
127338779
111874896
99206755
411395
173318145
153527245
80646164
268048
151203
112928987
54719
51285723
99911874
157309431
58798
9412160
404821
118763
117534879
101361548
36438798
290586
28612
569268
84418
140962470
132022509
132314
42519287
187637
168033
31119019
147913102
98399409
118573
726232
597201
1972094
67751
92272
323543
421475
126799404
140530984
142520172
145017739
534570
2035544
40176
287866
52326912
95860
35828520
213734271
168414864
43113809
135709302
93512513
370720
179164626
135872409
1101297
146223
112271091
98958223
115832
399449
195988228
29341795
138811692
80633
119593182
132024184
36093318
193819345
964620
136039075
96765
554527
131255531
122488777
535623
734406
21793
165452482
96109733
88329
115583496
179136359
312692
206516825
171543315
655271
215858496
143039
1908345
115279
296996
479547
414558
111549
2326952
219459276
214949003
325601
66123
68880916
671172
108617
106592602
94318164
15116249
100368
177145355
1817997
153024551
2512321278
24663049
214559813
156023977
119298
819462
24965010
577016
220004
81735905
27022445
726628
61386
1627360
241675
140834199
178037464
288764
31021613
110529201
77473
143140687
30932999
252547
151528288
32626378
196555
126149396
26519358
115368
135285886
70694
132839042
186262
45981
157249798
218081
109342591
19014720
148791571
129377267
1066085
212765549
129443598
669770
197743469
133595991
100380454
111223860
87147
101224
4276696
31863915
40541629
188112772
624301
100580141
136073769
140156334
189642
160922293
142256961
163060929
115975835
109287311
151774944
116470059
19112011
112769836
473061
107772831
82646
303796
233785
235340
158640202
215081
852674
101523339
3153725
213679886
127529212
200271563
115044057
185964749
385742
7678534
335682
211728313
219029
147063969
146218187
190763034
124905068
216479424
3295598
73103547
115914485
147688939
213783707
206404243
608051
334932
62381338
122883527
219769
415273
138581417
139604141
300334
315857
2052583
26212908
211871091
553471
431976
95046506
121581152
271805
123630
136203219
245878268
128056597
133978720
35040371
210699440
380346
142970082
171138
157042
11276801
145340484
133460741
841097
980294
266957
41332232
5073039
628405
163597
44238953
107278789
177848800
6540948
549427
292278
33595946
629893
131172670
56314724
406470
140846
2933441
303883
119850340
211256
346749
1415702
110928319
829922
117917369
233989
2515245
120427393
115871244
249703
153665494
730951
2368918
109275984
338991
151959637
208335702
1650703
207104
134206638
238987
504027
65425876
2107240
131618243
135186962
224351
11158473
443157
133538138
205444
293620
400854
140671926
19546699
197592040
160416211
120842897
137245510
121536808
3673346
11869817
1752149
290762
126530
4902158
217566902
6412130
846817
698111
3416441
1014505
139947203
127476593
145828886
2022528
59987550
139203
133023111
169568629
166451951
822835
156162977
14410637
168607776
3514217
428640
230905
85679431
70145015
209504554
4614865
388489
441765
202669636
284759
133196918
824914
2531711
862046
155482004
228703082
52308917
183080017
239878
166741717
15435437
232932
285336
130003588
169333962
173057785
166258644
124018923
132232235
134920935
289595
157841816
138615912
80250510
525472
1458006
149409410
125278527
348758
194618158
75253924
107166629
224780986
132054522
5615886
411985
709419
293312
811994
131185
38611260
3713615
206479390
4664877
1329218
1210337091
118427392
82025684
152678359
147279255
189013
1060496
41379419
158997016
331555
133704190
242047469
54131261
34531363
7103919
155226592
848919
183922
139586177
203644149
359295
1168076
99232807
111302978
2162605
138840052
137939374
246951
207698848
257611
35228283
575623
5559239
1040635
3317150
555539
159928509
230140
223987033
2035056
384003
1009741
189856060
275270
193588651
665651
199756
17146974
170803629
717127
3223118
715162
156508837
121700718
2244563
156896392
144307878
201884173
110852639
129184771
94836789
149076592
1055243
141865559
438301
139078
175145
1983923
1109313
130651278
355164
181433099
495003
142812028
132977531
185020612
104611137
514639
131544650
223332
293562
265646
228504
557015
121074916
545470
1030827
189830324
111913750
293224
209825634
189048
140670487
1880180
148799
202814997
367297
256605
252512
48167599
32052482
114955933
395367
293903
100135070
87518743
549512
78722698
237293
148608769
1708557
156663147
144304
4926812
354338
205625
261268
149106733
140461688
140915976
5687532
231415474
170879322
151944988
137588596
174444023
236404
201774787
161740876
906272
129413
127751526
94369886
580503
239966
154566
178220042
135799283
333109
73914602
172643697
387453
178003
229093
562232
