123536
657198
694902
66447
58171
80431
43025
39245
77773
967248
957634
376332
35864
70454
111073
66868
728039
270422
919315
195592
2662022
1467667
2492067
28522
77916
138613
58342
2349921
3142218
76597
1967251
99102
159658
15085
351465
189740
141667
3623549
1274253
3687457
178643
4600297
4180902
64894
51300
34520
172836
141626
1814921
2865965
3698971
571895
91021
3337591
3537212
5124229
5276881
3574964
196440
63020
1765976
81597
6932900
174445
212043
204871
226388
141722
33365
183375
47311
68170
5451935
3339
6438856
7118253
350549
7833860
78680
874494
5580046
8322196
9586503
3010122
6669445
6369233
6559656
1924150
3845223
4385438
3210102
7532064
913028
9237371
8558696
4632972
61297
201283
56709
8506615
6274820
2634877
8928307
207321
365553
3222698
48766
1538644
96137
61471
6445353
10690766
32109
161919
4517737
246402
8155986
46789
7858590
256559
1698
2726379
11002290
24107
4418274
56317
12281580
12059157
95172
74608
160728
12692843
3947504
583872
12502745
181904
74124
7546671
283921
12973129
4558647
8755642
12998524
8020380
379403
8478312
11688860
46302
84625
131402
11165979
316816
104619
8570783
12969668
5103335
3099126
4447
12827436
309246
8711126
86948
4413124
3317097
12875655
2216060
10810408
22126
350405
14666560
52351
10144091
2979801
10884769
7389268
5033
13976633
8940324
34437
11866996
67050
225516
6618994
11898481
1941728
64165
9820479
134018
443
451081
180649
13226773
14193044
6067858
42111
9202986
16566
80752
10293616
65025
16256381
1682107
11646058
76420
2243533
5019407
94155
227443
10373898
16605
1320594
72243
15711390
9352608
5083658
13858723
19649373
8469406
17237251
43589
13252706
56425820
52146
110363
7833998
10196172
16046480
241509
25764
10899661
15755260
17375645
96155
11851432
14018730
12485012
13106001
18859835
274536
63699
246353
96880
19326973
17895739
28195
1623
7696041
63462
17131803
15179379
95479
14723856
28161
15477526
150046
3875529
18439831
365553
96351
21753352
101238
696764
10860408
12896355
4926261
391928
62287
61148
21001901
4829175
23265247
277519
99686
24523077
26179074
2698901
252731
4290077
13121732
2027483
10847490
64032
24773
1407465
19726520
17757752
90385
12979843
11131729
142986
123414
6462387
25489
16707713
26322160
207325
67235
8644439
13517850
25835222
28550419
26803593
12857641
5880341
13585390
54981
69435
18155763
109722
25660883
107822
21026453
22375711
84598
13584227
19720858
150227
98880
10879339
13307945
96293
482357
45179
134925
105429
36968
24685523
29392954
18284645
179534
30221912
3292111
24852429
18770132
15073
9197077
34242094
30649707
16673860
84789
313233
26581705
281428
13572866
103900
120119
653863
48389
13945872
109487
11808661
16000580
28694036
19395920
483597
22465830
212589
347679
18416258
76013
25283580
25396937
15097479
214969
129464
95752
13936244
105728
26866227
20856819
1361035
146541
18262995
175633
35231530
17135771
31787529
1725968
348429
86296
30537006
19249350
11252240
39656464
514587
26001354
31748116
37500500
28099956
97719
95752
16731559
225710
9007982
104095
18279310
876157
18792455
17551574
215369
33751215
2756178
71003
4559782
33962520
463970
26945100
222349
15629501
36824068
212668
597593
21059649
15215786
120458
2717071
18205189
162865
6233504
338534
19158572
300996
561079
187827
1724051
32587647
7303588
226360
18141841
35094413
27527700
118370
23845895
2819732
31433123
8609031
18206832
7406889
31257379
12468981
33861001
22463542
22296278
20811006
82337
710239
207110
31181113
186374
234092
244103
22628015
251076
36496327
148082
21776108
36966593
25833495
123434
24450970
42469330
2241078
71731
132277
37836733
31468664
105401
81518
30931240
38487736
986742
35685537
277929
2589939
43335552
154527
2747838
24770521
1223635
17640363
28002607
15753607
6428647
649177
31512171
18956751
23079873
21487064
1000445
38506420
39984429
675142
146460
13712681
553451
68345
151080
72219
34971355
197963
67766
29629334
403093
36122963
42073256
129244
17144704
93351
23642091
748817
29991862
238865
25642071
18842929
197524
30695158
227485
144184
116554
626063
4126334
178358
105078
21193162
231034
230770
18759293
212410
542138
11077628
45835281
27096634
311451
116143
995139
51492009
46963474
41332071
124370
32362641
32588495
34478005
12813215
27061684
420550
9017355
140946
174001
765480
30788066
14359129
334126
45636861
172912
39521390
157182
12512232
6478339
32452109
138549
35977
31562625
39493982
26542557
29970124
846392
32417146
36991809
7075134
287773
41571964
220476
494242
36510118
47903968
32064747
234071
2898303
171754
103822
126934
660086
465250
242293
176022
423949
209311
3910650
157285
29127335
1719110
10002197
51621747
281538
3277492
46453873
102055
3634791
6564470
386721
45524960
47783460
46783366
9626581
47335917
35256863
103717
1393210
6839092
138115
28443515
142608
41051289
3963896
1067900
477336
38720786
87273
16960384
35144898
180476
776203
24166687
160554
234092
1985647
30595453
39013106
260322
424201
37771038
29366384
120522
200623
49673140
159356
61143586
37806892
770074
39437428
355802
227361
27277561
33059511
1576604
178307
21747035
32557148
51463353
200352
41847012
10899
73089
8907164
55632016
120451
42626141
744393
120221
203422
1943077
4170104
355311
664439
29559419
158101
31711909
148732
80305
151704
46616184
12604308
93118
538602
25755989
705154
444963
45720641
3811005
494953
224750
579035
47982497
52698268
179975
1780636
54298877
278401
25227242
102100
958606
37991751
52097458
174706
98101
52732792
94411
693306
37464159
196535
135466
532181
46453685
942426
55919919
37713561
53771585
141236
1149632
69084248
59135872
190473
132060
642293
3084412
48563475
49936418
1618398
46082602
3077047
40188328
11367045
45062185
173773
54094286
244474
1393210
22113380
62640019
49280271
133761
151980
157045
59941307
62209932
22053148
161732
5911750
55936969
49094366
1693247132
15596051
34716620
49944493
299308
24977462
456154
245870
45786175
33547646
50149052
2030471
408595
35565355
224750
188947
27613478
2419450
523990
47287383
45576465
58248725
483597
12582162
272109
78216
172172
5402284
34627868
30626631
13051736
479408
323724
48572010
644826
99048
44169413
239645
316471
37303224
4933581
57701754
47366359
1044401
826020
2644682
118194
51488145
132384
32298884
116296
51649538
49329590
88230
282937
7954824
42087217
65003878
24799537
73390796
38012852
162311
3212256
762137
366714
106631
26518163
436610
27981185
41202121
214354
118749
434297
242170
474937
35192838
233744
43254919
48435856
23076484
359461
52438075
68301
319823
21534899
251990
141042
24404197
1013783
4157553
57561998
238067
3171763
75612
67680395
32349272
79275
100990
55133926
19891399
87707141
5284909
35401625
52002660
154304
53620081
278401
4050147
49792865
56914649
11266179
610619
21426954
132084
536298245
55819513
157008
31395290
17884941
173432
4729394
50137259
39350938
443079
26981125
681282
1149377
27390110
37706528
640277
123986
29344326
58073151
33844569
22357064
76780871
92055
149940
324232
71251905
25409370
130757
628661
1770864
70842559
403604
209738
136817
207571
59052922
829907
167632
14702628
940474
60131161
47022762
133721
150677
52431451
776255
53317372
168168
38180926
69983740
397558
140629
311980
409632
71369357
5052180
33588056
149662
231326
66752066
41518714
223198
58973764
126731
54379674
791255
66071
57573799
78030584
50635307
48832007
41987714
640374
6675014
63638637
190045
39392957
40469395
324325
252071
63737291
29057424
107284342
61653173
52109380
190867
188028
114875
105739
502446
63867075
40244072
534731
28425520
697717
81314128
15030763
66413204
20565567
62617871
66292
283618
78100
156021
210593
82915
22346534
71442499
47695428
201401
73615975
126976
64359679
73250707
154988
55038228
33255549
56016316
153139
248561
1116003
110490
155387
964845
515163
80373
49672090
44406116
88099961
178096
133291
51191265
67574306
68369646
457623
186413
74223691
49470225
43152628
1598166
1624028
156825
68675784
67508368
481694
76200247
219485
92406797
274929
1228571
75671970
234258
56399865
781973
61305989
469183
60588602
17475893
52162236
393778
101527
221717
67062377
68347059
48100521
147608
104609
78264
549988
475965
141481
33819820
1169128
155522
31326908
86481726
207101
62365419
219451
52491
80448
503344
769435
77791651
45918580
163419
77143563
213972
42812355
87266176
51384690
121180
66153352
88100322
175621
91112161
91409482
33684781
507805
4096049
476528
78628
77034496
58467826
255427
223838
138926
41756558
745645
66778874
9953111
85051551
104619705
413748
43499928
87284027
132464
171234
387535
70289894
424974
153959
415681
57690029
68102652
38889996
110343
1190095
261741
90564
203732
1059190
362999
125101
4139606
55965734
71258
370698
573479
68365118
92800989
43899337
75788260
992422
195323
119789
64035425
458816
1409383
72370491
889584
758254
33333210
90377003
453353
17665353
90946042
91730363
20993736
1268324
225735
64548299
70799470
150794
73633616
108446
123649
25020526
1198344
735722
310005
44770778
570430
118417852
85648462
60200133
65748598
6881884
68499745
187302
85674842
39547064
89746450
35413843
687748
86240391
1286538
133761
91253440
217957
289630
63796188
254527
81759637
99727
305199
297502
433993
25607246
152043
74921146
100583003
93331485
132994
74149621
57759615
225218
74753838
224357
96623
94488725
247487
80531055
35617197
746915
89960013
96905826
35957401
90587315
102494041
372605
441694
60575875
21057483
84357295
85203409
204328
96162947
2849010
26213781
275698
404401
70113498
89762536
81212041
72509426
93329621
595189
86414521
86735884
45916825
139980
57384466
728870
28900704
88009465
69278081
85376487
26456991
8293800
141425
298856
118383
112680
132738
2698817
63440157
74110
103921196
162311
77544845
76453631
1931984
70444489
258783
1380773
84880997
79232264
405928
1753716
3733680
275796
97702492
1397026
153794
166991
142314623
58714092
105875968
34236287
67742320
14777248
66158653
732835
575893
112177091
2745421
87765547
6373810
77204455
77537672
74317317
54829780
160268
301535
90039965
99345111
115251
571828
74723031
82554660
45038309
304019
75612
229842
80502365
202105
46836050
155481
294950
185687
141922
99971032
263408
70780365
81072538
242170
87299185
121969
338895
104563207
188151
68685223
83540602
65990
113161
91562352
11147925
91571267
28888155
413562
138632
36940107
255239
97283427
131693
19990533
118026016
62533908
62750848
152145
105565020
39174045
776601
2383446
124937
228353
89853885
219287
208514
92513563
78341354
714767
88209226
183871
20822139
31353098
244384
198594
109530
51393144
3672278
1043421
81628861
113858429
100312831
296327
240494
115248365
591490
95359446
93246900
89831119
252769
93401596
88206
68364
1255901
72410801
18929476
120228
22920377
426880
1480907
84766194
89600693
96671149
121545
83016848
820064
150419
4537139
52345037
162123
75911
162679
1135869
156212
206380
112035170
2561328
75845
74764929
166991
54714097
73192209
31970251
279105
26343109
495577
375050
107277930
303741
44497606
1408714
571906
189556
14205630
86604223
115369237
63049865
366626
340526
217709
87878285
98714398
793469
27065304
86039274
274159
291837
68041873
91175
30639912
200183
76459606
126556015
92894733
785046
91189411
86722621
658994
11457439
2000186
97523912
5035252
98626439
112237278
98886397
151991
519898
1828165
276032
105520731
75911
84837430
109385174
1323446
209246
63750465
6232848
87182
188667
40094469
157416
161838
211788
41301870
124343660
78709829
547468
1679232
81994
183009
16621122
1874483
96889
91166366
82174231
115485716
187092
118995929
127845080
603079
85804516
112323881
103930310
159397
399801
134905
135184361
93760676
258825
95182285
109528362
81532
54027141
8831562
98937805
36705869
113109114
96100040
200788
65851061
794183
55473349
171881
89762
105728
2011587
27095461
52502921
47700933
189529
280805
108459005
109090399
54333074
108180931
408819
67789
118454192
117273735
119621
138879874
41588287
46313389
52573137
72692816
212756
97807749
98393339
49423682
93346658
67289
587264
228501
75823466
411226
225219
1031992
113358183
596112
150419
47248835
116685
83219005
69192548
111694
772897
1439822
532607
601144
122384531
39133114
129566534
301390
224632
195173
76813949
88203121
98196263
116651
115392886
60799231
1543426
203548
516502
30621748
60284742
154506
110090318
7408742
80292664
89397932
59402151
97788512
117795720
69551156
32315068
40034834
102234845
113291789
241808
354957
79837676
128684070
44419156
129699
2258222
54568065
117868174
152769
112830975
307303
82894
35000019
116611685
215326
817152
275042
36998881
122256021
98398984
99524416
85612494
707718
36569249
83241
1545093
1008187
102528342
85569139
56109129
57880306
3402906
100649167
104183266
108796203
106922110
37712933
333081
108295826
512495
81536235
568153
3468943
109216181
3236011
200649
160849
189380
37968673
307331
406368
884498
89871701
85778
281546
116417994
938435
82045884
77442
88383792
590782
225698
89785
106304578
99755
181209
119413186
275374
192289
124622
144704
381682
771682
90386220
127596486
74497072
106333479
152415
92802006
117494294
145502273
340497
340791
84212
211618
108344548
179810
230083
132264956
68273
42715462
123343138
340131
152635
134489882
836070
97071967
34199241
639012
222776
132559306
420392
52699410
283541
663239
174905
166280
151251717
105907896
2948960
1157201
133301
140131
187934
115937375
73832362
216509
75131872
74581081
39484
53120963
247667
91014078
242384
89404746
50994679
95526955
397244
191480
183009
82828715
133045286
1941869
359428
745086
19034990
45772981
228528
116103
4483734
407482
7817027
4020164
7437282
184433
100097806
113120306
111553201
127803178
112024953
139570
104386063
206147
48798704
110001728
258519
1979056
1599775
13115923
91441725
304466
123131
211981
733155
1593831
69173157
720920
480194
65800
144314
220139
546519
191480
151175281
102270416
80455
131240497
89543432
34875902
108446
141015958
241752
156417
1819088
27060468
67178
48185165
3058473
1711051
127076681
126874160
1847658
113022967
113386181
122576368
75170176
162916
318020
126310
72870
62651626
138789
80349530
175621
88943585
116075432
104020068
158787
105244603
380126
243698
124264954
127454947
62039603
1296419
62572661
57666449
224632
155302075
463348
15466734
126715285
123773318
162529
904615
149710565
1296419
110101929
18009437
154517
226820
133447715
124660123
1164627
78891
69178866
199261
455032
619408
105728
9924314
329582
2478178
1524621
18716258
227213
105891006
242552
149370565
82790368
412257
48634779
61394136
182207
70970810
84817708
180716
72974
181973
1883787
108794969
217957
644932
160876
147313312
154590257
1860686
113771109
231303
220645
162636
821808
783222
141718321
82084595
112028194
117334956
429447
36662137
112412262
116057683
599750
111838612
562348
144691558
745046
78318390
117396866
144898
76944732
158418292
74503908
132892497
122090904
124947095
79102555
189648
115007527
188738
260239
40293010
86895
68199
130247570
122060787
360455
151479
710143
180834
90374
167203
1605606
106238987
301029
137685115
110277196
291657
351334
120224124
65521938
85813874
67724
6084269
94406853
100875852
344561
259383
81347
141236
66747
623425
123445605
208136
1253518
102397867
55432731
525966
362601
1677242
1038223
165188
437821
151867293
105595356
1348096
156838418
38230308
118286041
126592228
78264
191508
114271
1000562
100486479
119976624
848434
112176162
78849656
135677
105627
149225
109154225
159967242
150826
116133365
146118759
186033
130145386
151021468
30133305
162655
157102248
74480
132255210
208231
67105435
121886
134444831
302871
60336298
434132
157232665
7489517
153995
126171003
886149
1898929
720952
97687765
100126231
906722
49258687
573188
254942
170200347
181936
141478424
80712002
673700
800293
152361688
141451780
597593
4106902
5145688
1376101
233244
304092
138659
8238534
252906
73410248
306410
142044196
81783911
253594
129541720
128663
127023540
149449696
199866
222885
63738436
166707
146855864
562478
2925376
109571945
660189
124435762
125212180
75360593
564522
216053
1828405
751634
105018
233197
198003
339946
1127982
245870
111192416
10985443
142627462
120033435
355969
108570
156382866
38468434
132165933
135539473
231764
643321
227514
244508
432540
2948960
271482
73693613
150677
32972860
118557845
81227899
115438246
708392
2535955
195654
45941373
127611743
101944
64842208
3596512
74894505
162233322
200456
199466
84905
133230332
90990742
846927
49866659
394205
32443180
57103458
133365525
189771
314713
120522
132923883
105750929
110838608
830031
129200947
51171438
123460745
442258
225756
194783
71939181
229842
620015
201704
33661130
149706840
107731783
128725062
138164228
101267617
140183
495922
119522946
152203326
243565
148928
425066
322262
952986
137324779
1710895
127472678
81154755
194718
2935305
310005
22346957
306061
83355015
149500468
115425742
78882865
146852825
143507
17948915
54548424
167298356
698515
425105
22957821
88160468
208855
151980
177238385
77977174
148477334
166132
122280706
176373
400911
359865
148585733
899448
77098
127425647
66195714
52923212
65889343
164491084
102774866
25483805
236468
261304
186025713
563393
89053017
639012
79025908
619408
1051879
136772748
87356824
57682446
157867742
168686
45201545
646689
138535
134716629
1854399
88043509
240242
173915
96192535
48596883
57470233
144436
69118690
50310462
168885385
120702722
491368
160124
34373496
395329
1985702
152453382
253117
1800751
142742791
132798532
71277620
156542261
219663
402091
132392975
172951783
39677
211093
77306536
92290091
177459104
159676690
203413
68142
132978556
83213
105259676
359796
1242614
143559638
1168804
231463
146974102
163484
38320850
133221091
78383614
1309268
131258388
95211
121056830
233928
10339054
1013626
131754242
66033
121367712
82081642
174623578
495922
57954953
141841
8746913
116937
156239164
541402
126542727
113161
148166778
342218
1165608
162587
634754
152779467
18545129
133760
159080
130257
104237
176834383
107824
166240765
323011
217937
144349323
98357
116326569
211882
110495923
132233229
46229503
36547568
163297
120796932
538965
138085555
110782180
143373986
247675
426849
106143
28052300
142390349
190755
79130994
26455223
100921
40402836
423578
76729877
90109607
247029
792729
63794
71044
684802
213160
109203404
165840066
169236782
135005163
158946073
323011
109443091
821030
120366759
26801944
127205823
185509
126961
1054606
155316835
135165910
206740
389615
1033230
147983077
75884
409301
750553
103921622
200996
152401994
195742
274179
138051150
425502
177948576
67679644
66100997
1153453
110196534
149211383
519745
137314986
66487
3342672
593890
176259
140294764
144560191
21305793
94713382
182799129
117251315
880973
27199811
160717211
240500
426930
147873006
86980038
179915554
136365017
159732539
129221561
126011
130179075
639907
239992
181445226
89800074
175492790
158546924
208118
161415358
105473
84788
240082
536529
82425387
160697984
113342929
44562301
669672
131830220
242753
145594
170564
132976147
232474
161808302
159701828
779756
107085972
75459
153566075
225607
152721
323861
176311
135288923
129908611
786424
188508924
94370783
86055
132367496
1298448
204785
399303
119249321
133577387
223669
1591707
315459
92482606
170822265
133495552
617922
61014733
185797031
220805
145464834
42046611
149199737
141153585
144090406
141569
149569002
375167
1467130
2097494
380126
119679377
193944070
135390676
203785
293173
15597226
143843
312423
75231068
148385268
461131
155977
674378
1103136
97569924
49471606
745773
161171796
210236
252289
121877051
1366770
134182291
13242046
156088755
165459952
128759393
175541940
19146556
187910076
84298455
3853175
120262
200146
287061
116217688
173577608
383597
158260024
172567682
10420189
196572609
821724
216153
10681745
143083587
148534391
53272922
334966
111245249
166236056
214114237
388860
153508364
85874
20818127
83890935
183176406
159950468
143907640
90757
169765897
38699547
197084786
206810
189346347
97650057
4551688
650503
347971
205686853
351930
44882898
480350
121306
114915998
27987786
357353
23339937
209272974
29953798
176483
180492654
196270450
108938
155883018
163076430
121612342
172030171
201469560
175093076
210498185
138837616
2542593
183053
713678
153130349
210096898
189529
144367286
199586959
132203365
247631
256907
154480
11137305
132321707
55634664
1153717
202051460
103950
96296403
29424231
758779
278075
95420621
138903
166747760
74110
117493
157144929
424006
82210
164279
15341500
494953
201795991
97283577
111684711
109063050
171487268
164305
149914487
56870
199368873
203314059
415761
166060
140884
50895275
398516
14275708
433589
182757257
966857
411226
246930
145506131
270127
166972830
197391
163238091
4663364
70494970
141411
143843
68660
225483
223131142
160177
209126685
149480
72511969
81093
11593521
263195
172333911
188368740
21631333
46724013
149034605
159846234
166030146
156836657
131034974
207850035
85685
101901605
176983308
221869598
163279340
51842490
187258533
2959437
161440756
31602141
281189
838822
157083043
225491817
251525
178475
290087
12923639
154918252
2982601
2885947
201087935
461311
180031967
1548079
175416
964462
211777822
203413
180570101
190245
145807597
176933256
183787016
196351
96509951
557573
116813
2274141
1067255
61179569
2675563
149794
193586
95387190
124931
44895477
217934350
154443837
128062340
143510
182470155
214381
1017895
158358019
149514
98057714
89170678
128949479
190952
118288455
484413
167745537
177774
125918728
8809116
284796
153417529
677780
128612
209150649
378019
5151464
111144863
89071
24793478
171450846
324606
167250
109702470
4900554
307561
2271215
2259256
765392
202815166
376070
131671
215600159
122618191
204494252
122635565
78772902
217520
180739885
191684076
174890396
258131
152908
521158
331162
162115040
913082
214358997
155552899
171866347
414585
264359
160351
51316169
35469045
336662
162994565
154021704
972948
115264324
991414
515341
184459183
163380415
183681460
52128985
41056090
385222
293627
97719
821808
165453609
171606954
156047938
219003668
198643254
486436
95443
177233009
175400081
215229643
178475
278499
175500
87325566
164487822
161100
124622
226866
37537287
127790358
188992776
128178
107031226
185884010
148442882
187297531
28442106
207234
148023098
160604718
1268064
96436129
199243
210190370
192655949
2014927
234269
40531385
63598
201850
233589
76708292
113031
158491025
121080815
217372
221626
161996800
417467
114515
70317726
177032358
121092
171267262
122032890
196241784
401517
166817674
146888
165339
401709
152776287
177708656
590039
75640752
63598
93779750
142679
231029
50644836
206535407
68273
887738
107874316
102101490
148483
282725
140048
14890988
167348
245373
140698
94887121
576731
296714
162716220
23444861
203742377
216682
336775
120211925
271890
237732
178480
193067
153948490
206734
116083165
3034862
2185452
190625335
152825
226353988
297785
339482
472594
3296189
193980158
133061780
725975
191604777
134493785
196473560
165056568
189835498
145716
105147981
443898
182390684
181173037
96673944
95752
219093319
172555949
221308
222087548
200329917
214275223
56561768
636601
1105686
198809665
117427
262894
171444248
255215
332524
130897376
61834978
254336
200356203
2055879
160464732
153601
44016259
3391154
21009038
186588629
226627
169089494
414153
54007175
175825443
85400795
31457398
40351542
13182253
146247572
17931992
147865862
138926
163419
193718152
103335714
200712743
62270225
184036189
196265725
133108868
132633
178295849
136274663
2036040
111607942
222713
649092
63257297
90346
528128
165316454
116457371
238980093
69576641
737636
33251562
397119
181700197
129802371
1420674
140363299
165801
71546686
143184
195390
5164782
222791439
206606290
7033493
192334815
2482326
20071265
226639797
169995465
209051235
150978
228172
352292
202277440
183266568
225233
60741223
230831862
192412660
2119462
220988737
93838195
163805360
113688563
243753
186434328
200974
78614311
107888946
530908
185578547
69089
779756
4895561
620104
190542637
6975288
237793
99323534
183722
289158
46535716
367313
123883375
197391
172531
55997480
411741
116625798
2658977
61761777
105448
236143007
315797
488445
112541931
191328595
204383
1793684
128997785
1038708
45023765
192857263
182470
92718892
158022
265660
284912
188884251
97521
250415979
227417092
89456
176531057
204997
46112206
168328369
190309301
132462748
663211
215594992
223362590
6924676
57083010
113108937
327033
9016374
138234313
82802144
173434
2058459
47530625
132762025
169160831
226418
195039
665120
357896
459568
148383293
201363058
176537153
1005415
187032358
262931003
226082
84210
143454254
1167278
196841895
204183752
147351244
785380
217096176
198204462
243952203
234896497
188368035
124061102
546336
488693
243442118
190751
1102950
336856
80966938
106629970
116814508
183536249
134034
86845870
236742888
299720
1208143
15054837
46600584
250182
221388346
139511399
393786
158508653
739917
160817
242268225
80605470
168402
141448007
213946
202804
62447307
225570
367935
275239217
3282841
18211881
191009736
239217012
219339569
228592
1373740
60201128
112657372
636224
132002469
302361
212706637
5506855
98827681
222612
123651801
537943
1957306
289517
180445
206325536
217289708
6101430
1639015
120771556
239654913
273386
357215
321315
153553204
6969007
173696364
166334762
113391800
409880
169159
237321255
234070405
38432113
1810330
139140769
2736648
62589763
254129
175470
48554399
64099667
375623
246248
305855
42565938
940839
153330698
1623116
184862584
236906
283485
112903
661542
204305892
36519665
18095999
869913
321269
80432291
969140
229348
226507
168305773
273116
351051
183760821
177070
168892613
154442401
88200344
138702097
62214480
170385
240217874
240378537
547555
255072163
79835181
77373611
200740081
276951644
319266
889595
210095841
36600375
200041661
87302544
242412071
84476625
189274
321503
550362
207482196
216335
196812955
189895
1641169
428337
256511126
270668
192017464
199682667
225965
100081508
193587283
113285051
522122
350648
418669
260662641
206239178
1847184
224166
241196942
320351
176201202
326719
1126486
69326052
1203270
193484524
207026175
531791
236607156
1257967
81454460
199796
418627
174862331
138198789
332174
143336800
472252
207818830
103925
524354
191399296
404721
124323992
288893
101039733
213513
292392
265802807
162386
393185
213910354
1649312
201049669
428246
92580374
159204071
562411
85793666
270604
435449
701439
161261400
190036619
159913788
222276791
1415808
159387
1304990
214725734
263101711
1859310
149010772
135958447
172694077
277821
172368444
71703087
255433
418010
203599472
661827
321551
127285444
139980
255472608
117529077
403226
120272333
208349498
16712429
285002
151939055
248724571
237494278
215601
230606
718189
218483959
1896975
198583309
185816526
253930525
48600640
212886
172831165
665296
290093
124173022
893151
143005806
190987
250778377
1652876
355736
718766
204446196
72194106
254555
3865786
788871
238994250
3280132
1249325
229119177
838768
6840646
263365
3829314
291468116
127933
205106
213344534
230529
20727173
3172949
1303249
630053
3149918
1983536
105025371
904677
4915137
262049
518391
158761659
771454
269177636
229829021
1225816
557803
46005884
799251
767683
230300751
233841620
296978
3876056
5180227
62105318
1211476
275168446
1786664
607382
1118968
45514971
193604080
7101567
175248104
275802
149140824
80871163
1808847
259777437
149378245
351668
258505305
204007986
578292
1090769
14910560
140627167
39515624
5802380
217917
219573336
256646
623104
707348
209775813
101964334
2604380
225098178
134482432
84071324
1582021
4455929
120600171
164830698
131458735
298122
371917
179733317
156374430
236450
466410
396220
191102122
61623262
208442215
336856
181474129
157739319
144154970
91559520
286276739
1404841
205390050
201275570
625264
205107636
248164668
533125
261842109
327170
82614600
657215
177125220
20503154
670614
24132866
4746030
296058
240965
1645321
156140
270205007
217449426
160180233
17987979
244129939
211426331
247081165
244240440
110451772
663415
201781
201093281
470619
279588
189024915
130566838
432613
131678619
192034292
737564
74818326
290457
237657
1002746
208664221
1856577
186830288
705216
59579795
243142656
651396
245479
617921
166225516
196650079
227090233
1902237
418010
1034195
145543094
948511
221183625
46590997
665509
467687
657508
307393
213254420
206757
324447
202600
269766332
167923881
252854
558684
904677
243604
141008997
164092636
220553612
183821377
464257
100106395
172125838
3037408
290725
51358376
306069
1521995
9074145
331871
169568
224166
49120253
539972
140161063
131233619
5910151
152799648
268266370
248931225
499249
39667675
366034
198925863
293041317
576120
192333943
615685
302715
28719135
520846
111663420
250078147
486613
242107
422662
113640601
261615472
1513348
916848
46946331
131129748
221966
32206734
188516971
232751288
371705
1173875
232314270
167057954
96201219
312249
2029748
434123
1396725
50704053
247299
217556
27640343
263655
229840437
102970
1259095
216248829
168265812
3609142
1177147
208289110
7345607
144894218
390331
318011
224473
162909
343811
194318551
1435347
73827597
503471
1786664
125872569
44357551
1529117
211804
1034195
209360195
91240060
234998087
153853
513139
155711
299190
257122
237130856
204270875
129133532
366409
62896604
267421
244118082
249612028
249904134
28497063
123127527
326561
230606
829552
312457
6311542
555124
260891304
827080
152993398
168007
169459290
289107
961588
214751622
261043567
146043220
277468
275641146
289368005
78817814
3235502
162023319
1058873
300341
669682
126017339
241035460
2634356
237819305
917376
288789134
294338823
286088
195277
1584045
148072
1137740
289005087
239644988
394521
1787876
238491289
317898
480341
267711155
254877
183701352
758413
246007654
376524
201705909
129212178
18519452
86351831
610619
409167
220367
298624
281097
257207
251059
314314
1051176
203026607
389151
228184499
247751
216605839
147288
178194955
1323348
154853
234903431
186295598
264776729
665712
312273175
269004107
338276
235716
915507
208678630
63992
191652
171095468
3370202
982970
270186080
211138
4902492
1979188
2128074
358607
247338
7311760
93705406
4868836
13680837
208712728
260947790
269613
234275
148342
141966
65678
1012321
226938980
295433469
45602134
82382337
1314280
204938513
237565338
237342591
165817
243846
259097480
281251947
135059262
1291529
447135
87219834
410263
261042
204457632
318756784
221651441
337677
313529
505486
267957
343619
245750
1584159
282217816
91782416
130516162
4176680
250456950
361841
314364631
287279413
1070979
1357578
6194506
237395840
287072
304511138
1833411
636601
229935
566603
230550
338581
225122
398351
216924980
253846691
2567472
171975892
56569203
101320590
241316362
620756
177289747
31583014
234838807
1959119
106285529
240017209
760170
205481097
286826124
160025346
155093
250430335
213693
172245973
1041340
296713537
603432
266168180
78599091
228601
318486
284170775
275067055
76935466
182271
99691770
218101
3402146
211442460
219558440
36959326
33909238
221477836
288728
332403
235125790
70700354
346896
1224058
146958183
1852604
244969113
216798855
327741
728499
232054909
129995681
906893
156469
4870566
29354828
2245852
167954988
358503
195854
272525544
39767651
248812051
214584165
239277694
514182
12923451
287516002
616116
84093932
870221
130022909
199044929
84677407
134913525
637014
290341827
210685078
262882
246497574
227110492
556096
564426
234997971
250121734
229695877
4062155
256914529
838282
262121708
266115727
221108
226732278
258916492
417573
593744
188637
415722
268202024
229002823
240073371
296028304
866050
382194
144493779
883680
226518
277556787
272618442
336537
263542904
340618431
508756
174935
274414666
3369080
15978150
193153791
338276
281835620
326447
508756
272588506
696588
63135350
264061591
268845
287228238
1280491
2068796
225614512
182858
256981260
91816801
890009
40693446
296095028
222621
263303453
236742293
314952
65613379
861307
418232
212307707
194215
300329739
559409
351614
215801289
132235
296399
126794550
289568
178468201
670714
889597
240549067
3005823
229521659
958158
1088983
285530
247487
1355321
187467
306032705
214784331
98154455
267165
145989465
51126182
182241441
271418
293336070
168622678
281766187
12140617
285961
255406096
274957711
336656
348642
303969631
236631
194592599
145490902
2242633
149397244
62176497
288222
747681
327416
297678
2592619
7416108
1611004
292739
323138762
245082
231925
219392513
223640826
94174639
258093921
270701965
177709676
174149971
298471
251781963
641363
166654696
246757
88602064
263590958
162649
180238858
296657422
22773651
426131
667137
1227627
329401320
263483836
214570
686214
10300533
227677763
1108324
1656744
156354371
289517
9527375
6936655
348387
307040377
1469433
303408881
181219042
4215718
259141258
1597357
123561603
247140
250592222
310579
55337306
240843656
218527222
162985280
259455448
317183
798329
237730155
268193493
152061074
316884888
1213603
151991166
223430622
192518626
239385713
210913
313540
343586
177037710
484333
19140592
295064878
242787061
169594672
246519
296497
983545
23151113
995182
313849350
693038
248595783
269224483
164587
2413359
173125619
1006627
217930889
337942585
99777520
154804536
154966668
101528603
204191804
111563717
314191060
239161
1153386
513591
197143477
304497
609620
227658594
689600
291659302
163369
138945557
428186
261670
258696
159547321
514688
1157792
131260590
267812367
858062
104050283
273012156
279050419
267472
249044
286591494
566603
277264456
1254214
167784235
227282
84333305
306785671
292188
209654259
376540
138392402
647590
1927654
334351914
1566422
177979482
673241
792199
349154943
740167
867831
214363116
193789421
231499251
211863
356851791
311948522
1758305
282602807
330118567
231472955
228431
100714742
175481930
157587553
258959105
242457471
294036276
265711473
449297
1071413
124668292
623092
72063957
710523
335903792
320558
252324497
632889
250705121
639766
325059872
7014112
790949
309728
2294903
291983
173711752
